#
# A fatal error has been detected by the Java Runtime Environment:
#
#  Internal Error (generateOopMap.cpp:2164), pid=22802, tid=22817
#  fatal error: Illegal class file encountered. Try running with -Xverify:all in method testSearch
#
# JRE version: OpenJDK Runtime Environment (11.0.13+8) (build 11.0.13+8-Ubuntu-0ubuntu1.18.04)
# Java VM: OpenJDK 64-Bit Server VM (11.0.13+8-Ubuntu-0ubuntu1.18.04, mixed mode, sharing, tiered, compressed oops, g1 gc, linux-amd64)
# Core dump will be written. Default location: Core dumps may be processed with "/usr/share/apport/apport %p %s %c %d %P %E" (or dumping to /home/mauri/git/group-2-ml-mt/core.22802)
#
# If you would like to submit a bug report, please visit:
#   https://bugs.launchpad.net/ubuntu/+source/openjdk-lts
#

---------------  S U M M A R Y ------------

Command Line: -agentlib:jdwp=transport=dt_socket,suspend=y,address=localhost:38613 -ea -javaagent:/home/mauri/eclipse/java-2021-12/eclipse/configuration/org.eclipse.osgi/219/0/.cp/lib/javaagent-shaded.jar -Dfile.encoding=UTF-8 org.eclipse.jdt.internal.junit.runner.RemoteTestRunner -version 3 -port 36807 -testLoaderClass org.eclipse.jdt.internal.junit5.runner.JUnit5TestLoader -loaderpluginname org.eclipse.jdt.junit5.runtime -classNames SearchsTest.JumpSearchByNameTest

Host: Intel(R) Core(TM) i7-5500U CPU @ 2.40GHz, 4 cores, 15G, Ubuntu 18.04.6 LTS
Time: Thu Feb  3 17:40:58 2022 -04 elapsed time: 265.884983 seconds (0d 0h 4m 25s)

---------------  T H R E A D  ---------------

Current thread (0x00007f2858224800):  VMThread "VM Thread" [stack: 0x00007f2830abd000,0x00007f2830bbd000] [id=22817]

Stack: [0x00007f2830abd000,0x00007f2830bbd000],  sp=0x00007f2830bba800,  free space=1014k
Native frames: (J=compiled Java code, A=aot compiled Java code, j=interpreted, Vv=VM code, C=native code)
V  [libjvm.so+0xe2395a]
V  [libjvm.so+0x65292f]
V  [libjvm.so+0x7ae65f]
V  [libjvm.so+0x7ae70b]
V  [libjvm.so+0x7aff1a]
V  [libjvm.so+0x7b3d45]
V  [libjvm.so+0x7b56dc]
V  [libjvm.so+0x7b59a9]
V  [libjvm.so+0xb6c234]
V  [libjvm.so+0xb6d07b]
V  [libjvm.so+0xb6d4f7]
V  [libjvm.so+0xb0d3be]
V  [libjvm.so+0x9abadc]
V  [libjvm.so+0xe26058]
V  [libjvm.so+0xe2c067]
V  [libjvm.so+0xe2c6f8]
V  [libjvm.so+0xe2ca03]
V  [libjvm.so+0xdbe7b9]
V  [libjvm.so+0xb8429e]

VM_Operation (0x00007f280b4d1970): GetOrSetLocal, mode: safepoint, requested by thread 0x00007f28582a0000


---------------  P R O C E S S  ---------------

Threads class SMR info:
_java_thread_list=0x00007f27e0046340, length=13, elements={
0x00007f2858019000, 0x00007f2858227800, 0x00007f2858229800, 0x00007f285822f000,
0x00007f2858231000, 0x00007f2858233000, 0x00007f2858235000, 0x00007f2858237000,
0x00007f2858255000, 0x00007f28582a0000, 0x00007f28582a4000, 0x00007f27f0001800,
0x00007f28584f9800
}

Java Threads: ( => current thread )
  0x00007f2858019000 JavaThread "main" [_thread_blocked, id=22809, stack(0x00007f28610d4000,0x00007f28611d5000)]
  0x00007f2858227800 JavaThread "Reference Handler" daemon [_thread_blocked, id=22818, stack(0x00007f28309ba000,0x00007f2830abb000)]
  0x00007f2858229800 JavaThread "Finalizer" daemon [_thread_blocked, id=22819, stack(0x00007f28308b9000,0x00007f28309ba000)]
  0x00007f285822f000 JavaThread "Signal Dispatcher" daemon [_thread_blocked, id=22820, stack(0x00007f2830264000,0x00007f2830365000)]
  0x00007f2858231000 JavaThread "Service Thread" daemon [_thread_blocked, id=22821, stack(0x00007f2830163000,0x00007f2830264000)]
  0x00007f2858233000 JavaThread "C2 CompilerThread0" daemon [_thread_blocked, id=22822, stack(0x00007f2830062000,0x00007f2830163000)]
  0x00007f2858235000 JavaThread "C1 CompilerThread0" daemon [_thread_blocked, id=22823, stack(0x00007f280beff000,0x00007f280c000000)]
  0x00007f2858237000 JavaThread "Sweeper thread" daemon [_thread_blocked, id=22824, stack(0x00007f280bdfe000,0x00007f280beff000)]
  0x00007f2858255000 JavaThread "Common-Cleaner" daemon [_thread_blocked, id=22825, stack(0x00007f280bcfd000,0x00007f280bdfe000)]
  0x00007f28582a0000 JavaThread "JDWP Transport Listener: dt_socket" daemon [_thread_blocked, id=22829, stack(0x00007f280b3d2000,0x00007f280b4d3000)] _threads_hazard_ptr=0x00007f27e0046340
  0x00007f28582a4000 JavaThread "JDWP Event Helper Thread" daemon [_thread_blocked, id=22830, stack(0x00007f280b2d1000,0x00007f280b3d2000)]
  0x00007f27f0001800 JavaThread "JDWP Command Reader" daemon [_thread_in_native, id=22831, stack(0x00007f280b1d0000,0x00007f280b2d1000)]
  0x00007f28584f9800 JavaThread "ReaderThread" [_thread_in_native, id=22841, stack(0x00007f280a59b000,0x00007f280a69c000)]

Other Threads:
=>0x00007f2858224800 VMThread "VM Thread" [stack: 0x00007f2830abd000,0x00007f2830bbd000] [id=22817]
  0x00007f28583fa000 WatcherThread [stack: 0x00007f280aca8000,0x00007f280ada8000] [id=22834]
  0x00007f2858031000 GCTaskThread "GC Thread#0" [stack: 0x00007f285cc4f000,0x00007f285cd4f000] [id=22811]
  0x00007f2820001000 GCTaskThread "GC Thread#1" [stack: 0x00007f280aaa5000,0x00007f280aba5000] [id=22836]
  0x00007f2820002800 GCTaskThread "GC Thread#2" [stack: 0x00007f280a9a3000,0x00007f280aaa3000] [id=22837]
  0x00007f2820004000 GCTaskThread "GC Thread#3" [stack: 0x00007f280a8a1000,0x00007f280a9a1000] [id=22838]
  0x00007f285808f000 ConcurrentGCThread "G1 Main Marker" [stack: 0x00007f2833ac9000,0x00007f2833bc9000] [id=22812]
  0x00007f2858091000 ConcurrentGCThread "G1 Conc#0" [stack: 0x00007f28339c7000,0x00007f2833ac7000] [id=22813]
  0x00007f2858180000 ConcurrentGCThread "G1 Refine#0" [stack: 0x00007f28314c1000,0x00007f28315c1000] [id=22814]
  0x00007f2858182000 ConcurrentGCThread "G1 Young RemSet Sampling" [stack: 0x00007f28313bf000,0x00007f28314bf000] [id=22815]

Threads with active compile tasks:

VM state:at safepoint (normal execution)

VM Mutex/Monitor currently owned by a thread:  ([mutex/lock_event])
[0x00007f2858014cc0] Threads_lock - owner thread: 0x00007f2858224800

Heap address: 0x0000000707200000, size: 3982 MB, Compressed Oops mode: Zero based, Oop shift amount: 3
Narrow klass base: 0x0000000800000000, Narrow klass shift: 3
Compressed class space size: 1073741824 Address: 0x0000000840000000

Heap:
 garbage-first heap   total 258048K, used 94136K [0x0000000707200000, 0x0000000800000000)
  region size 1024K, 92 young (94208K), 2 survivors (2048K)
 Metaspace       used 13216K, capacity 13885K, committed 14208K, reserved 1060864K
  class space    used 1856K, capacity 2059K, committed 2176K, reserved 1048576K
Heap Regions: E=young(eden), S=young(survivor), O=old, HS=humongous(starts), HC=humongous(continues), CS=collection set, F=free, A=archive, TAMS=top-at-mark-start (previous, next)
|   0|0x0000000707200000, 0x000000070723c000, 0x0000000707300000| 23%| O|  |TAMS 0x0000000707200000, 0x0000000707200000| Untracked 
|   1|0x0000000707300000, 0x0000000707300000, 0x0000000707400000|  0%| F|  |TAMS 0x0000000707300000, 0x0000000707300000| Untracked 
|   2|0x0000000707400000, 0x0000000707400000, 0x0000000707500000|  0%| F|  |TAMS 0x0000000707400000, 0x0000000707400000| Untracked 
|   3|0x0000000707500000, 0x0000000707500000, 0x0000000707600000|  0%| F|  |TAMS 0x0000000707500000, 0x0000000707500000| Untracked 
|   4|0x0000000707600000, 0x0000000707600000, 0x0000000707700000|  0%| F|  |TAMS 0x0000000707600000, 0x0000000707600000| Untracked 
|   5|0x0000000707700000, 0x0000000707700000, 0x0000000707800000|  0%| F|  |TAMS 0x0000000707700000, 0x0000000707700000| Untracked 
|   6|0x0000000707800000, 0x0000000707800000, 0x0000000707900000|  0%| F|  |TAMS 0x0000000707800000, 0x0000000707800000| Untracked 
|   7|0x0000000707900000, 0x0000000707900000, 0x0000000707a00000|  0%| F|  |TAMS 0x0000000707900000, 0x0000000707900000| Untracked 
|   8|0x0000000707a00000, 0x0000000707a00000, 0x0000000707b00000|  0%| F|  |TAMS 0x0000000707a00000, 0x0000000707a00000| Untracked 
|   9|0x0000000707b00000, 0x0000000707b00000, 0x0000000707c00000|  0%| F|  |TAMS 0x0000000707b00000, 0x0000000707b00000| Untracked 
|  10|0x0000000707c00000, 0x0000000707c00000, 0x0000000707d00000|  0%| F|  |TAMS 0x0000000707c00000, 0x0000000707c00000| Untracked 
|  11|0x0000000707d00000, 0x0000000707d00000, 0x0000000707e00000|  0%| F|  |TAMS 0x0000000707d00000, 0x0000000707d00000| Untracked 
|  12|0x0000000707e00000, 0x0000000707e00000, 0x0000000707f00000|  0%| F|  |TAMS 0x0000000707e00000, 0x0000000707e00000| Untracked 
|  13|0x0000000707f00000, 0x0000000707f00000, 0x0000000708000000|  0%| F|  |TAMS 0x0000000707f00000, 0x0000000707f00000| Untracked 
|  14|0x0000000708000000, 0x0000000708000000, 0x0000000708100000|  0%| F|  |TAMS 0x0000000708000000, 0x0000000708000000| Untracked 
|  15|0x0000000708100000, 0x0000000708100000, 0x0000000708200000|  0%| F|  |TAMS 0x0000000708100000, 0x0000000708100000| Untracked 
|  16|0x0000000708200000, 0x0000000708200000, 0x0000000708300000|  0%| F|  |TAMS 0x0000000708200000, 0x0000000708200000| Untracked 
|  17|0x0000000708300000, 0x0000000708300000, 0x0000000708400000|  0%| F|  |TAMS 0x0000000708300000, 0x0000000708300000| Untracked 
|  18|0x0000000708400000, 0x0000000708400000, 0x0000000708500000|  0%| F|  |TAMS 0x0000000708400000, 0x0000000708400000| Untracked 
|  19|0x0000000708500000, 0x0000000708500000, 0x0000000708600000|  0%| F|  |TAMS 0x0000000708500000, 0x0000000708500000| Untracked 
|  20|0x0000000708600000, 0x0000000708600000, 0x0000000708700000|  0%| F|  |TAMS 0x0000000708600000, 0x0000000708600000| Untracked 
|  21|0x0000000708700000, 0x0000000708700000, 0x0000000708800000|  0%| F|  |TAMS 0x0000000708700000, 0x0000000708700000| Untracked 
|  22|0x0000000708800000, 0x0000000708800000, 0x0000000708900000|  0%| F|  |TAMS 0x0000000708800000, 0x0000000708800000| Untracked 
|  23|0x0000000708900000, 0x0000000708900000, 0x0000000708a00000|  0%| F|  |TAMS 0x0000000708900000, 0x0000000708900000| Untracked 
|  24|0x0000000708a00000, 0x0000000708a00000, 0x0000000708b00000|  0%| F|  |TAMS 0x0000000708a00000, 0x0000000708a00000| Untracked 
|  25|0x0000000708b00000, 0x0000000708b00000, 0x0000000708c00000|  0%| F|  |TAMS 0x0000000708b00000, 0x0000000708b00000| Untracked 
|  26|0x0000000708c00000, 0x0000000708c00000, 0x0000000708d00000|  0%| F|  |TAMS 0x0000000708c00000, 0x0000000708c00000| Untracked 
|  27|0x0000000708d00000, 0x0000000708d00000, 0x0000000708e00000|  0%| F|  |TAMS 0x0000000708d00000, 0x0000000708d00000| Untracked 
|  28|0x0000000708e00000, 0x0000000708e00000, 0x0000000708f00000|  0%| F|  |TAMS 0x0000000708e00000, 0x0000000708e00000| Untracked 
|  29|0x0000000708f00000, 0x0000000708f00000, 0x0000000709000000|  0%| F|  |TAMS 0x0000000708f00000, 0x0000000708f00000| Untracked 
|  30|0x0000000709000000, 0x0000000709000000, 0x0000000709100000|  0%| F|  |TAMS 0x0000000709000000, 0x0000000709000000| Untracked 
|  31|0x0000000709100000, 0x0000000709100000, 0x0000000709200000|  0%| F|  |TAMS 0x0000000709100000, 0x0000000709100000| Untracked 
|  32|0x0000000709200000, 0x0000000709200000, 0x0000000709300000|  0%| F|  |TAMS 0x0000000709200000, 0x0000000709200000| Untracked 
|  33|0x0000000709300000, 0x0000000709300000, 0x0000000709400000|  0%| F|  |TAMS 0x0000000709300000, 0x0000000709300000| Untracked 
|  34|0x0000000709400000, 0x0000000709400000, 0x0000000709500000|  0%| F|  |TAMS 0x0000000709400000, 0x0000000709400000| Untracked 
|  35|0x0000000709500000, 0x0000000709500000, 0x0000000709600000|  0%| F|  |TAMS 0x0000000709500000, 0x0000000709500000| Untracked 
|  36|0x0000000709600000, 0x0000000709600000, 0x0000000709700000|  0%| F|  |TAMS 0x0000000709600000, 0x0000000709600000| Untracked 
|  37|0x0000000709700000, 0x0000000709700000, 0x0000000709800000|  0%| F|  |TAMS 0x0000000709700000, 0x0000000709700000| Untracked 
|  38|0x0000000709800000, 0x0000000709800000, 0x0000000709900000|  0%| F|  |TAMS 0x0000000709800000, 0x0000000709800000| Untracked 
|  39|0x0000000709900000, 0x0000000709900000, 0x0000000709a00000|  0%| F|  |TAMS 0x0000000709900000, 0x0000000709900000| Untracked 
|  40|0x0000000709a00000, 0x0000000709a00000, 0x0000000709b00000|  0%| F|  |TAMS 0x0000000709a00000, 0x0000000709a00000| Untracked 
|  41|0x0000000709b00000, 0x0000000709b00000, 0x0000000709c00000|  0%| F|  |TAMS 0x0000000709b00000, 0x0000000709b00000| Untracked 
|  42|0x0000000709c00000, 0x0000000709c00000, 0x0000000709d00000|  0%| F|  |TAMS 0x0000000709c00000, 0x0000000709c00000| Untracked 
|  43|0x0000000709d00000, 0x0000000709d00000, 0x0000000709e00000|  0%| F|  |TAMS 0x0000000709d00000, 0x0000000709d00000| Untracked 
|  44|0x0000000709e00000, 0x0000000709e00000, 0x0000000709f00000|  0%| F|  |TAMS 0x0000000709e00000, 0x0000000709e00000| Untracked 
|  45|0x0000000709f00000, 0x0000000709f00000, 0x000000070a000000|  0%| F|  |TAMS 0x0000000709f00000, 0x0000000709f00000| Untracked 
|  46|0x000000070a000000, 0x000000070a000000, 0x000000070a100000|  0%| F|  |TAMS 0x000000070a000000, 0x000000070a000000| Untracked 
|  47|0x000000070a100000, 0x000000070a100000, 0x000000070a200000|  0%| F|  |TAMS 0x000000070a100000, 0x000000070a100000| Untracked 
|  48|0x000000070a200000, 0x000000070a200000, 0x000000070a300000|  0%| F|  |TAMS 0x000000070a200000, 0x000000070a200000| Untracked 
|  49|0x000000070a300000, 0x000000070a300000, 0x000000070a400000|  0%| F|  |TAMS 0x000000070a300000, 0x000000070a300000| Untracked 
|  50|0x000000070a400000, 0x000000070a400000, 0x000000070a500000|  0%| F|  |TAMS 0x000000070a400000, 0x000000070a400000| Untracked 
|  51|0x000000070a500000, 0x000000070a500000, 0x000000070a600000|  0%| F|  |TAMS 0x000000070a500000, 0x000000070a500000| Untracked 
|  52|0x000000070a600000, 0x000000070a600000, 0x000000070a700000|  0%| F|  |TAMS 0x000000070a600000, 0x000000070a600000| Untracked 
|  53|0x000000070a700000, 0x000000070a700000, 0x000000070a800000|  0%| F|  |TAMS 0x000000070a700000, 0x000000070a700000| Untracked 
|  54|0x000000070a800000, 0x000000070a800000, 0x000000070a900000|  0%| F|  |TAMS 0x000000070a800000, 0x000000070a800000| Untracked 
|  55|0x000000070a900000, 0x000000070a900000, 0x000000070aa00000|  0%| F|  |TAMS 0x000000070a900000, 0x000000070a900000| Untracked 
|  56|0x000000070aa00000, 0x000000070aa00000, 0x000000070ab00000|  0%| F|  |TAMS 0x000000070aa00000, 0x000000070aa00000| Untracked 
|  57|0x000000070ab00000, 0x000000070ab00000, 0x000000070ac00000|  0%| F|  |TAMS 0x000000070ab00000, 0x000000070ab00000| Untracked 
|  58|0x000000070ac00000, 0x000000070ac00000, 0x000000070ad00000|  0%| F|  |TAMS 0x000000070ac00000, 0x000000070ac00000| Untracked 
|  59|0x000000070ad00000, 0x000000070ad00000, 0x000000070ae00000|  0%| F|  |TAMS 0x000000070ad00000, 0x000000070ad00000| Untracked 
|  60|0x000000070ae00000, 0x000000070ae00000, 0x000000070af00000|  0%| F|  |TAMS 0x000000070ae00000, 0x000000070ae00000| Untracked 
|  61|0x000000070af00000, 0x000000070af00000, 0x000000070b000000|  0%| F|  |TAMS 0x000000070af00000, 0x000000070af00000| Untracked 
|  62|0x000000070b000000, 0x000000070b000000, 0x000000070b100000|  0%| F|  |TAMS 0x000000070b000000, 0x000000070b000000| Untracked 
|  63|0x000000070b100000, 0x000000070b100000, 0x000000070b200000|  0%| F|  |TAMS 0x000000070b100000, 0x000000070b100000| Untracked 
|  64|0x000000070b200000, 0x000000070b200000, 0x000000070b300000|  0%| F|  |TAMS 0x000000070b200000, 0x000000070b200000| Untracked 
|  65|0x000000070b300000, 0x000000070b300000, 0x000000070b400000|  0%| F|  |TAMS 0x000000070b300000, 0x000000070b300000| Untracked 
|  66|0x000000070b400000, 0x000000070b400000, 0x000000070b500000|  0%| F|  |TAMS 0x000000070b400000, 0x000000070b400000| Untracked 
|  67|0x000000070b500000, 0x000000070b500000, 0x000000070b600000|  0%| F|  |TAMS 0x000000070b500000, 0x000000070b500000| Untracked 
|  68|0x000000070b600000, 0x000000070b600000, 0x000000070b700000|  0%| F|  |TAMS 0x000000070b600000, 0x000000070b600000| Untracked 
|  69|0x000000070b700000, 0x000000070b700000, 0x000000070b800000|  0%| F|  |TAMS 0x000000070b700000, 0x000000070b700000| Untracked 
|  70|0x000000070b800000, 0x000000070b800000, 0x000000070b900000|  0%| F|  |TAMS 0x000000070b800000, 0x000000070b800000| Untracked 
|  71|0x000000070b900000, 0x000000070b900000, 0x000000070ba00000|  0%| F|  |TAMS 0x000000070b900000, 0x000000070b900000| Untracked 
|  72|0x000000070ba00000, 0x000000070ba00000, 0x000000070bb00000|  0%| F|  |TAMS 0x000000070ba00000, 0x000000070ba00000| Untracked 
|  73|0x000000070bb00000, 0x000000070bb00000, 0x000000070bc00000|  0%| F|  |TAMS 0x000000070bb00000, 0x000000070bb00000| Untracked 
|  74|0x000000070bc00000, 0x000000070bc00000, 0x000000070bd00000|  0%| F|  |TAMS 0x000000070bc00000, 0x000000070bc00000| Untracked 
|  75|0x000000070bd00000, 0x000000070bd00000, 0x000000070be00000|  0%| F|  |TAMS 0x000000070bd00000, 0x000000070bd00000| Untracked 
|  76|0x000000070be00000, 0x000000070be00000, 0x000000070bf00000|  0%| F|  |TAMS 0x000000070be00000, 0x000000070be00000| Untracked 
|  77|0x000000070bf00000, 0x000000070bf00000, 0x000000070c000000|  0%| F|  |TAMS 0x000000070bf00000, 0x000000070bf00000| Untracked 
|  78|0x000000070c000000, 0x000000070c000000, 0x000000070c100000|  0%| F|  |TAMS 0x000000070c000000, 0x000000070c000000| Untracked 
|  79|0x000000070c100000, 0x000000070c100000, 0x000000070c200000|  0%| F|  |TAMS 0x000000070c100000, 0x000000070c100000| Untracked 
|  80|0x000000070c200000, 0x000000070c200000, 0x000000070c300000|  0%| F|  |TAMS 0x000000070c200000, 0x000000070c200000| Untracked 
|  81|0x000000070c300000, 0x000000070c300000, 0x000000070c400000|  0%| F|  |TAMS 0x000000070c300000, 0x000000070c300000| Untracked 
|  82|0x000000070c400000, 0x000000070c400000, 0x000000070c500000|  0%| F|  |TAMS 0x000000070c400000, 0x000000070c400000| Untracked 
|  83|0x000000070c500000, 0x000000070c500000, 0x000000070c600000|  0%| F|  |TAMS 0x000000070c500000, 0x000000070c500000| Untracked 
|  84|0x000000070c600000, 0x000000070c600000, 0x000000070c700000|  0%| F|  |TAMS 0x000000070c600000, 0x000000070c600000| Untracked 
|  85|0x000000070c700000, 0x000000070c700000, 0x000000070c800000|  0%| F|  |TAMS 0x000000070c700000, 0x000000070c700000| Untracked 
|  86|0x000000070c800000, 0x000000070c800000, 0x000000070c900000|  0%| F|  |TAMS 0x000000070c800000, 0x000000070c800000| Untracked 
|  87|0x000000070c900000, 0x000000070c900000, 0x000000070ca00000|  0%| F|  |TAMS 0x000000070c900000, 0x000000070c900000| Untracked 
|  88|0x000000070ca00000, 0x000000070ca00000, 0x000000070cb00000|  0%| F|  |TAMS 0x000000070ca00000, 0x000000070ca00000| Untracked 
|  89|0x000000070cb00000, 0x000000070cb00000, 0x000000070cc00000|  0%| F|  |TAMS 0x000000070cb00000, 0x000000070cb00000| Untracked 
|  90|0x000000070cc00000, 0x000000070cc00000, 0x000000070cd00000|  0%| F|  |TAMS 0x000000070cc00000, 0x000000070cc00000| Untracked 
|  91|0x000000070cd00000, 0x000000070cd00000, 0x000000070ce00000|  0%| F|  |TAMS 0x000000070cd00000, 0x000000070cd00000| Untracked 
|  92|0x000000070ce00000, 0x000000070ce00000, 0x000000070cf00000|  0%| F|  |TAMS 0x000000070ce00000, 0x000000070ce00000| Untracked 
|  93|0x000000070cf00000, 0x000000070cf00000, 0x000000070d000000|  0%| F|  |TAMS 0x000000070cf00000, 0x000000070cf00000| Untracked 
|  94|0x000000070d000000, 0x000000070d000000, 0x000000070d100000|  0%| F|  |TAMS 0x000000070d000000, 0x000000070d000000| Untracked 
|  95|0x000000070d100000, 0x000000070d100000, 0x000000070d200000|  0%| F|  |TAMS 0x000000070d100000, 0x000000070d100000| Untracked 
|  96|0x000000070d200000, 0x000000070d200000, 0x000000070d300000|  0%| F|  |TAMS 0x000000070d200000, 0x000000070d200000| Untracked 
|  97|0x000000070d300000, 0x000000070d300000, 0x000000070d400000|  0%| F|  |TAMS 0x000000070d300000, 0x000000070d300000| Untracked 
|  98|0x000000070d400000, 0x000000070d400000, 0x000000070d500000|  0%| F|  |TAMS 0x000000070d400000, 0x000000070d400000| Untracked 
|  99|0x000000070d500000, 0x000000070d500000, 0x000000070d600000|  0%| F|  |TAMS 0x000000070d500000, 0x000000070d500000| Untracked 
| 100|0x000000070d600000, 0x000000070d600000, 0x000000070d700000|  0%| F|  |TAMS 0x000000070d600000, 0x000000070d600000| Untracked 
| 101|0x000000070d700000, 0x000000070d700000, 0x000000070d800000|  0%| F|  |TAMS 0x000000070d700000, 0x000000070d700000| Untracked 
| 102|0x000000070d800000, 0x000000070d800000, 0x000000070d900000|  0%| F|  |TAMS 0x000000070d800000, 0x000000070d800000| Untracked 
| 103|0x000000070d900000, 0x000000070d900000, 0x000000070da00000|  0%| F|  |TAMS 0x000000070d900000, 0x000000070d900000| Untracked 
| 104|0x000000070da00000, 0x000000070da00000, 0x000000070db00000|  0%| F|  |TAMS 0x000000070da00000, 0x000000070da00000| Untracked 
| 105|0x000000070db00000, 0x000000070db00000, 0x000000070dc00000|  0%| F|  |TAMS 0x000000070db00000, 0x000000070db00000| Untracked 
| 106|0x000000070dc00000, 0x000000070dc00000, 0x000000070dd00000|  0%| F|  |TAMS 0x000000070dc00000, 0x000000070dc00000| Untracked 
| 107|0x000000070dd00000, 0x000000070dd00000, 0x000000070de00000|  0%| F|  |TAMS 0x000000070dd00000, 0x000000070dd00000| Untracked 
| 108|0x000000070de00000, 0x000000070de00000, 0x000000070df00000|  0%| F|  |TAMS 0x000000070de00000, 0x000000070de00000| Untracked 
| 109|0x000000070df00000, 0x000000070df00000, 0x000000070e000000|  0%| F|  |TAMS 0x000000070df00000, 0x000000070df00000| Untracked 
| 110|0x000000070e000000, 0x000000070e000000, 0x000000070e100000|  0%| F|  |TAMS 0x000000070e000000, 0x000000070e000000| Untracked 
| 111|0x000000070e100000, 0x000000070e100000, 0x000000070e200000|  0%| F|  |TAMS 0x000000070e100000, 0x000000070e100000| Untracked 
| 112|0x000000070e200000, 0x000000070e200000, 0x000000070e300000|  0%| F|  |TAMS 0x000000070e200000, 0x000000070e200000| Untracked 
| 113|0x000000070e300000, 0x000000070e300000, 0x000000070e400000|  0%| F|  |TAMS 0x000000070e300000, 0x000000070e300000| Untracked 
| 114|0x000000070e400000, 0x000000070e400000, 0x000000070e500000|  0%| F|  |TAMS 0x000000070e400000, 0x000000070e400000| Untracked 
| 115|0x000000070e500000, 0x000000070e500000, 0x000000070e600000|  0%| F|  |TAMS 0x000000070e500000, 0x000000070e500000| Untracked 
| 116|0x000000070e600000, 0x000000070e600000, 0x000000070e700000|  0%| F|  |TAMS 0x000000070e600000, 0x000000070e600000| Untracked 
| 117|0x000000070e700000, 0x000000070e700000, 0x000000070e800000|  0%| F|  |TAMS 0x000000070e700000, 0x000000070e700000| Untracked 
| 118|0x000000070e800000, 0x000000070e800000, 0x000000070e900000|  0%| F|  |TAMS 0x000000070e800000, 0x000000070e800000| Untracked 
| 119|0x000000070e900000, 0x000000070e900000, 0x000000070ea00000|  0%| F|  |TAMS 0x000000070e900000, 0x000000070e900000| Untracked 
| 120|0x000000070ea00000, 0x000000070ea00000, 0x000000070eb00000|  0%| F|  |TAMS 0x000000070ea00000, 0x000000070ea00000| Untracked 
| 121|0x000000070eb00000, 0x000000070eb00000, 0x000000070ec00000|  0%| F|  |TAMS 0x000000070eb00000, 0x000000070eb00000| Untracked 
| 122|0x000000070ec00000, 0x000000070ec00000, 0x000000070ed00000|  0%| F|  |TAMS 0x000000070ec00000, 0x000000070ec00000| Untracked 
| 123|0x000000070ed00000, 0x000000070ed00000, 0x000000070ee00000|  0%| F|  |TAMS 0x000000070ed00000, 0x000000070ed00000| Untracked 
| 124|0x000000070ee00000, 0x000000070ee00000, 0x000000070ef00000|  0%| F|  |TAMS 0x000000070ee00000, 0x000000070ee00000| Untracked 
| 125|0x000000070ef00000, 0x000000070ef00000, 0x000000070f000000|  0%| F|  |TAMS 0x000000070ef00000, 0x000000070ef00000| Untracked 
| 126|0x000000070f000000, 0x000000070f000000, 0x000000070f100000|  0%| F|  |TAMS 0x000000070f000000, 0x000000070f000000| Untracked 
| 127|0x000000070f100000, 0x000000070f100000, 0x000000070f200000|  0%| F|  |TAMS 0x000000070f100000, 0x000000070f100000| Untracked 
| 128|0x000000070f200000, 0x000000070f200000, 0x000000070f300000|  0%| F|  |TAMS 0x000000070f200000, 0x000000070f200000| Untracked 
| 129|0x000000070f300000, 0x000000070f300000, 0x000000070f400000|  0%| F|  |TAMS 0x000000070f300000, 0x000000070f300000| Untracked 
| 130|0x000000070f400000, 0x000000070f400000, 0x000000070f500000|  0%| F|  |TAMS 0x000000070f400000, 0x000000070f400000| Untracked 
| 131|0x000000070f500000, 0x000000070f500000, 0x000000070f600000|  0%| F|  |TAMS 0x000000070f500000, 0x000000070f500000| Untracked 
| 132|0x000000070f600000, 0x000000070f600000, 0x000000070f700000|  0%| F|  |TAMS 0x000000070f600000, 0x000000070f600000| Untracked 
| 133|0x000000070f700000, 0x000000070f700000, 0x000000070f800000|  0%| F|  |TAMS 0x000000070f700000, 0x000000070f700000| Untracked 
| 134|0x000000070f800000, 0x000000070f800000, 0x000000070f900000|  0%| F|  |TAMS 0x000000070f800000, 0x000000070f800000| Untracked 
| 135|0x000000070f900000, 0x000000070f900000, 0x000000070fa00000|  0%| F|  |TAMS 0x000000070f900000, 0x000000070f900000| Untracked 
| 136|0x000000070fa00000, 0x000000070fa00000, 0x000000070fb00000|  0%| F|  |TAMS 0x000000070fa00000, 0x000000070fa00000| Untracked 
| 137|0x000000070fb00000, 0x000000070fb00000, 0x000000070fc00000|  0%| F|  |TAMS 0x000000070fb00000, 0x000000070fb00000| Untracked 
| 138|0x000000070fc00000, 0x000000070fc00000, 0x000000070fd00000|  0%| F|  |TAMS 0x000000070fc00000, 0x000000070fc00000| Untracked 
| 139|0x000000070fd00000, 0x000000070fd00000, 0x000000070fe00000|  0%| F|  |TAMS 0x000000070fd00000, 0x000000070fd00000| Untracked 
| 140|0x000000070fe00000, 0x000000070fe00000, 0x000000070ff00000|  0%| F|  |TAMS 0x000000070fe00000, 0x000000070fe00000| Untracked 
| 141|0x000000070ff00000, 0x000000070ff00000, 0x0000000710000000|  0%| F|  |TAMS 0x000000070ff00000, 0x000000070ff00000| Untracked 
| 142|0x0000000710000000, 0x0000000710000000, 0x0000000710100000|  0%| F|  |TAMS 0x0000000710000000, 0x0000000710000000| Untracked 
| 143|0x0000000710100000, 0x0000000710100000, 0x0000000710200000|  0%| F|  |TAMS 0x0000000710100000, 0x0000000710100000| Untracked 
| 144|0x0000000710200000, 0x0000000710200000, 0x0000000710300000|  0%| F|  |TAMS 0x0000000710200000, 0x0000000710200000| Untracked 
| 145|0x0000000710300000, 0x0000000710300000, 0x0000000710400000|  0%| F|  |TAMS 0x0000000710300000, 0x0000000710300000| Untracked 
| 146|0x0000000710400000, 0x0000000710400000, 0x0000000710500000|  0%| F|  |TAMS 0x0000000710400000, 0x0000000710400000| Untracked 
| 147|0x0000000710500000, 0x0000000710500000, 0x0000000710600000|  0%| F|  |TAMS 0x0000000710500000, 0x0000000710500000| Untracked 
| 148|0x0000000710600000, 0x0000000710600000, 0x0000000710700000|  0%| F|  |TAMS 0x0000000710600000, 0x0000000710600000| Untracked 
| 149|0x0000000710700000, 0x0000000710700000, 0x0000000710800000|  0%| F|  |TAMS 0x0000000710700000, 0x0000000710700000| Untracked 
| 150|0x0000000710800000, 0x0000000710800000, 0x0000000710900000|  0%| F|  |TAMS 0x0000000710800000, 0x0000000710800000| Untracked 
| 151|0x0000000710900000, 0x0000000710900000, 0x0000000710a00000|  0%| F|  |TAMS 0x0000000710900000, 0x0000000710900000| Untracked 
| 152|0x0000000710a00000, 0x0000000710a00000, 0x0000000710b00000|  0%| F|  |TAMS 0x0000000710a00000, 0x0000000710a00000| Untracked 
| 153|0x0000000710b00000, 0x0000000710b00000, 0x0000000710c00000|  0%| F|  |TAMS 0x0000000710b00000, 0x0000000710b00000| Untracked 
| 154|0x0000000710c00000, 0x0000000710c00000, 0x0000000710d00000|  0%| F|  |TAMS 0x0000000710c00000, 0x0000000710c00000| Untracked 
| 155|0x0000000710d00000, 0x0000000710d00000, 0x0000000710e00000|  0%| F|  |TAMS 0x0000000710d00000, 0x0000000710d00000| Untracked 
| 156|0x0000000710e00000, 0x0000000710e00000, 0x0000000710f00000|  0%| F|  |TAMS 0x0000000710e00000, 0x0000000710e00000| Untracked 
| 157|0x0000000710f00000, 0x0000000710f00000, 0x0000000711000000|  0%| F|  |TAMS 0x0000000710f00000, 0x0000000710f00000| Untracked 
| 158|0x0000000711000000, 0x0000000711080800, 0x0000000711100000| 50%| E|  |TAMS 0x0000000711000000, 0x0000000711000000| Complete 
| 159|0x0000000711100000, 0x0000000711200000, 0x0000000711200000|100%| E|CS|TAMS 0x0000000711100000, 0x0000000711100000| Complete 
| 160|0x0000000711200000, 0x0000000711300000, 0x0000000711300000|100%| E|CS|TAMS 0x0000000711200000, 0x0000000711200000| Complete 
| 161|0x0000000711300000, 0x0000000711400000, 0x0000000711400000|100%| E|CS|TAMS 0x0000000711300000, 0x0000000711300000| Complete 
| 162|0x0000000711400000, 0x0000000711500000, 0x0000000711500000|100%| E|CS|TAMS 0x0000000711400000, 0x0000000711400000| Complete 
| 163|0x0000000711500000, 0x0000000711600000, 0x0000000711600000|100%| E|CS|TAMS 0x0000000711500000, 0x0000000711500000| Complete 
| 164|0x0000000711600000, 0x0000000711700000, 0x0000000711700000|100%| E|CS|TAMS 0x0000000711600000, 0x0000000711600000| Complete 
| 165|0x0000000711700000, 0x0000000711800000, 0x0000000711800000|100%| E|CS|TAMS 0x0000000711700000, 0x0000000711700000| Complete 
| 166|0x0000000711800000, 0x0000000711900000, 0x0000000711900000|100%| E|CS|TAMS 0x0000000711800000, 0x0000000711800000| Complete 
| 167|0x0000000711900000, 0x0000000711a00000, 0x0000000711a00000|100%| E|CS|TAMS 0x0000000711900000, 0x0000000711900000| Complete 
| 168|0x0000000711a00000, 0x0000000711b00000, 0x0000000711b00000|100%| E|CS|TAMS 0x0000000711a00000, 0x0000000711a00000| Complete 
| 169|0x0000000711b00000, 0x0000000711c00000, 0x0000000711c00000|100%| E|CS|TAMS 0x0000000711b00000, 0x0000000711b00000| Complete 
| 170|0x0000000711c00000, 0x0000000711d00000, 0x0000000711d00000|100%| E|CS|TAMS 0x0000000711c00000, 0x0000000711c00000| Complete 
| 171|0x0000000711d00000, 0x0000000711e00000, 0x0000000711e00000|100%| E|CS|TAMS 0x0000000711d00000, 0x0000000711d00000| Complete 
| 172|0x0000000711e00000, 0x0000000711f00000, 0x0000000711f00000|100%| E|CS|TAMS 0x0000000711e00000, 0x0000000711e00000| Complete 
| 173|0x0000000711f00000, 0x0000000712000000, 0x0000000712000000|100%| E|CS|TAMS 0x0000000711f00000, 0x0000000711f00000| Complete 
| 174|0x0000000712000000, 0x0000000712100000, 0x0000000712100000|100%| E|CS|TAMS 0x0000000712000000, 0x0000000712000000| Complete 
| 175|0x0000000712100000, 0x0000000712200000, 0x0000000712200000|100%| E|CS|TAMS 0x0000000712100000, 0x0000000712100000| Complete 
| 176|0x0000000712200000, 0x0000000712300000, 0x0000000712300000|100%| E|CS|TAMS 0x0000000712200000, 0x0000000712200000| Complete 
| 177|0x0000000712300000, 0x0000000712400000, 0x0000000712400000|100%| E|CS|TAMS 0x0000000712300000, 0x0000000712300000| Complete 
| 178|0x0000000712400000, 0x0000000712500000, 0x0000000712500000|100%| E|CS|TAMS 0x0000000712400000, 0x0000000712400000| Complete 
| 179|0x0000000712500000, 0x0000000712600000, 0x0000000712600000|100%| E|CS|TAMS 0x0000000712500000, 0x0000000712500000| Complete 
| 180|0x0000000712600000, 0x0000000712700000, 0x0000000712700000|100%| E|CS|TAMS 0x0000000712600000, 0x0000000712600000| Complete 
| 181|0x0000000712700000, 0x0000000712800000, 0x0000000712800000|100%| E|CS|TAMS 0x0000000712700000, 0x0000000712700000| Complete 
| 182|0x0000000712800000, 0x0000000712900000, 0x0000000712900000|100%| E|CS|TAMS 0x0000000712800000, 0x0000000712800000| Complete 
| 183|0x0000000712900000, 0x0000000712a00000, 0x0000000712a00000|100%| E|CS|TAMS 0x0000000712900000, 0x0000000712900000| Complete 
| 184|0x0000000712a00000, 0x0000000712b00000, 0x0000000712b00000|100%| E|CS|TAMS 0x0000000712a00000, 0x0000000712a00000| Complete 
| 185|0x0000000712b00000, 0x0000000712c00000, 0x0000000712c00000|100%| E|CS|TAMS 0x0000000712b00000, 0x0000000712b00000| Complete 
| 186|0x0000000712c00000, 0x0000000712d00000, 0x0000000712d00000|100%| E|CS|TAMS 0x0000000712c00000, 0x0000000712c00000| Complete 
| 187|0x0000000712d00000, 0x0000000712e00000, 0x0000000712e00000|100%| E|CS|TAMS 0x0000000712d00000, 0x0000000712d00000| Complete 
| 188|0x0000000712e00000, 0x0000000712f00000, 0x0000000712f00000|100%| E|CS|TAMS 0x0000000712e00000, 0x0000000712e00000| Complete 
| 189|0x0000000712f00000, 0x0000000713000000, 0x0000000713000000|100%| E|CS|TAMS 0x0000000712f00000, 0x0000000712f00000| Complete 
| 190|0x0000000713000000, 0x0000000713100000, 0x0000000713100000|100%| E|CS|TAMS 0x0000000713000000, 0x0000000713000000| Complete 
| 191|0x0000000713100000, 0x0000000713200000, 0x0000000713200000|100%| E|CS|TAMS 0x0000000713100000, 0x0000000713100000| Complete 
| 192|0x0000000713200000, 0x0000000713300000, 0x0000000713300000|100%| E|CS|TAMS 0x0000000713200000, 0x0000000713200000| Complete 
| 193|0x0000000713300000, 0x0000000713400000, 0x0000000713400000|100%| E|CS|TAMS 0x0000000713300000, 0x0000000713300000| Complete 
| 194|0x0000000713400000, 0x0000000713500000, 0x0000000713500000|100%| E|CS|TAMS 0x0000000713400000, 0x0000000713400000| Complete 
| 195|0x0000000713500000, 0x0000000713600000, 0x0000000713600000|100%| E|CS|TAMS 0x0000000713500000, 0x0000000713500000| Complete 
| 196|0x0000000713600000, 0x0000000713700000, 0x0000000713700000|100%| E|CS|TAMS 0x0000000713600000, 0x0000000713600000| Complete 
| 197|0x0000000713700000, 0x0000000713800000, 0x0000000713800000|100%| E|CS|TAMS 0x0000000713700000, 0x0000000713700000| Complete 
| 198|0x0000000713800000, 0x0000000713900000, 0x0000000713900000|100%| E|CS|TAMS 0x0000000713800000, 0x0000000713800000| Complete 
| 199|0x0000000713900000, 0x0000000713a00000, 0x0000000713a00000|100%| E|CS|TAMS 0x0000000713900000, 0x0000000713900000| Complete 
| 200|0x0000000713a00000, 0x0000000713b00000, 0x0000000713b00000|100%| E|CS|TAMS 0x0000000713a00000, 0x0000000713a00000| Complete 
| 201|0x0000000713b00000, 0x0000000713c00000, 0x0000000713c00000|100%| E|CS|TAMS 0x0000000713b00000, 0x0000000713b00000| Complete 
| 202|0x0000000713c00000, 0x0000000713d00000, 0x0000000713d00000|100%| E|CS|TAMS 0x0000000713c00000, 0x0000000713c00000| Complete 
| 203|0x0000000713d00000, 0x0000000713e00000, 0x0000000713e00000|100%| E|CS|TAMS 0x0000000713d00000, 0x0000000713d00000| Complete 
| 204|0x0000000713e00000, 0x0000000713f00000, 0x0000000713f00000|100%| E|CS|TAMS 0x0000000713e00000, 0x0000000713e00000| Complete 
| 205|0x0000000713f00000, 0x0000000714000000, 0x0000000714000000|100%| E|CS|TAMS 0x0000000713f00000, 0x0000000713f00000| Complete 
| 206|0x0000000714000000, 0x0000000714100000, 0x0000000714100000|100%| E|CS|TAMS 0x0000000714000000, 0x0000000714000000| Complete 
| 207|0x0000000714100000, 0x0000000714200000, 0x0000000714200000|100%| E|CS|TAMS 0x0000000714100000, 0x0000000714100000| Complete 
| 208|0x0000000714200000, 0x0000000714300000, 0x0000000714300000|100%| E|CS|TAMS 0x0000000714200000, 0x0000000714200000| Complete 
| 209|0x0000000714300000, 0x0000000714400000, 0x0000000714400000|100%| E|CS|TAMS 0x0000000714300000, 0x0000000714300000| Complete 
| 210|0x0000000714400000, 0x0000000714500000, 0x0000000714500000|100%| E|CS|TAMS 0x0000000714400000, 0x0000000714400000| Complete 
| 211|0x0000000714500000, 0x0000000714600000, 0x0000000714600000|100%| E|CS|TAMS 0x0000000714500000, 0x0000000714500000| Complete 
| 212|0x0000000714600000, 0x0000000714700000, 0x0000000714700000|100%| E|CS|TAMS 0x0000000714600000, 0x0000000714600000| Complete 
| 213|0x0000000714700000, 0x0000000714800000, 0x0000000714800000|100%| E|CS|TAMS 0x0000000714700000, 0x0000000714700000| Complete 
| 214|0x0000000714800000, 0x0000000714900000, 0x0000000714900000|100%| E|CS|TAMS 0x0000000714800000, 0x0000000714800000| Complete 
| 215|0x0000000714900000, 0x0000000714a00000, 0x0000000714a00000|100%| E|CS|TAMS 0x0000000714900000, 0x0000000714900000| Complete 
| 216|0x0000000714a00000, 0x0000000714b00000, 0x0000000714b00000|100%| E|CS|TAMS 0x0000000714a00000, 0x0000000714a00000| Complete 
| 217|0x0000000714b00000, 0x0000000714c00000, 0x0000000714c00000|100%| E|CS|TAMS 0x0000000714b00000, 0x0000000714b00000| Complete 
| 218|0x0000000714c00000, 0x0000000714d00000, 0x0000000714d00000|100%| E|CS|TAMS 0x0000000714c00000, 0x0000000714c00000| Complete 
| 219|0x0000000714d00000, 0x0000000714e00000, 0x0000000714e00000|100%| E|CS|TAMS 0x0000000714d00000, 0x0000000714d00000| Complete 
| 220|0x0000000714e00000, 0x0000000714f00000, 0x0000000714f00000|100%| E|CS|TAMS 0x0000000714e00000, 0x0000000714e00000| Complete 
| 221|0x0000000714f00000, 0x0000000715000000, 0x0000000715000000|100%| E|CS|TAMS 0x0000000714f00000, 0x0000000714f00000| Complete 
| 222|0x0000000715000000, 0x0000000715100000, 0x0000000715100000|100%| E|CS|TAMS 0x0000000715000000, 0x0000000715000000| Complete 
| 223|0x0000000715100000, 0x0000000715200000, 0x0000000715200000|100%| E|CS|TAMS 0x0000000715100000, 0x0000000715100000| Complete 
| 224|0x0000000715200000, 0x0000000715300000, 0x0000000715300000|100%| E|CS|TAMS 0x0000000715200000, 0x0000000715200000| Complete 
| 225|0x0000000715300000, 0x0000000715400000, 0x0000000715400000|100%| E|CS|TAMS 0x0000000715300000, 0x0000000715300000| Complete 
| 226|0x0000000715400000, 0x0000000715500000, 0x0000000715500000|100%| E|CS|TAMS 0x0000000715400000, 0x0000000715400000| Complete 
| 227|0x0000000715500000, 0x0000000715600000, 0x0000000715600000|100%| E|CS|TAMS 0x0000000715500000, 0x0000000715500000| Complete 
| 228|0x0000000715600000, 0x0000000715700000, 0x0000000715700000|100%| E|CS|TAMS 0x0000000715600000, 0x0000000715600000| Complete 
| 229|0x0000000715700000, 0x0000000715800000, 0x0000000715800000|100%| E|CS|TAMS 0x0000000715700000, 0x0000000715700000| Complete 
| 230|0x0000000715800000, 0x0000000715900000, 0x0000000715900000|100%| E|CS|TAMS 0x0000000715800000, 0x0000000715800000| Complete 
| 231|0x0000000715900000, 0x0000000715a00000, 0x0000000715a00000|100%| E|CS|TAMS 0x0000000715900000, 0x0000000715900000| Complete 
| 232|0x0000000715a00000, 0x0000000715b00000, 0x0000000715b00000|100%| E|CS|TAMS 0x0000000715a00000, 0x0000000715a00000| Complete 
| 233|0x0000000715b00000, 0x0000000715c00000, 0x0000000715c00000|100%| E|CS|TAMS 0x0000000715b00000, 0x0000000715b00000| Complete 
| 234|0x0000000715c00000, 0x0000000715d00000, 0x0000000715d00000|100%| S|CS|TAMS 0x0000000715c00000, 0x0000000715c00000| Complete 
| 235|0x0000000715d00000, 0x0000000715e00000, 0x0000000715e00000|100%| S|CS|TAMS 0x0000000715d00000, 0x0000000715d00000| Complete 
| 236|0x0000000715e00000, 0x0000000715f00000, 0x0000000715f00000|100%| E|CS|TAMS 0x0000000715e00000, 0x0000000715e00000| Complete 
| 237|0x0000000715f00000, 0x0000000716000000, 0x0000000716000000|100%| E|CS|TAMS 0x0000000715f00000, 0x0000000715f00000| Complete 
| 238|0x0000000716000000, 0x0000000716100000, 0x0000000716100000|100%| E|CS|TAMS 0x0000000716000000, 0x0000000716000000| Complete 
| 239|0x0000000716100000, 0x0000000716200000, 0x0000000716200000|100%| E|CS|TAMS 0x0000000716100000, 0x0000000716100000| Complete 
| 240|0x0000000716200000, 0x0000000716300000, 0x0000000716300000|100%| E|CS|TAMS 0x0000000716200000, 0x0000000716200000| Complete 
| 241|0x0000000716300000, 0x0000000716400000, 0x0000000716400000|100%| E|CS|TAMS 0x0000000716300000, 0x0000000716300000| Complete 
| 242|0x0000000716400000, 0x0000000716500000, 0x0000000716500000|100%| E|CS|TAMS 0x0000000716400000, 0x0000000716400000| Complete 
| 243|0x0000000716500000, 0x0000000716600000, 0x0000000716600000|100%| E|CS|TAMS 0x0000000716500000, 0x0000000716500000| Complete 
| 244|0x0000000716600000, 0x0000000716700000, 0x0000000716700000|100%| E|CS|TAMS 0x0000000716600000, 0x0000000716600000| Complete 
| 245|0x0000000716700000, 0x0000000716800000, 0x0000000716800000|100%| E|CS|TAMS 0x0000000716700000, 0x0000000716700000| Complete 
| 246|0x0000000716800000, 0x0000000716900000, 0x0000000716900000|100%| E|CS|TAMS 0x0000000716800000, 0x0000000716800000| Complete 
| 247|0x0000000716900000, 0x0000000716a00000, 0x0000000716a00000|100%| E|CS|TAMS 0x0000000716900000, 0x0000000716900000| Complete 
| 248|0x0000000716a00000, 0x0000000716b00000, 0x0000000716b00000|100%| E|CS|TAMS 0x0000000716a00000, 0x0000000716a00000| Complete 
| 249|0x0000000716b00000, 0x0000000716c00000, 0x0000000716c00000|100%| E|CS|TAMS 0x0000000716b00000, 0x0000000716b00000| Complete 
|2956|0x00000007bfe00000, 0x00000007bfe47000, 0x00000007bff00000| 27%|OA|  |TAMS 0x00000007bfe00000, 0x00000007bfe00000| Untracked 
|2957|0x00000007bff00000, 0x00000007bff6b000, 0x00000007c0000000| 41%|CA|  |TAMS 0x00000007bff00000, 0x00000007bff00000| Untracked 

Card table byte_map: [0x00007f284008c000,0x00007f2840853000] _byte_map_base: 0x00007f283c853000

Marking Bits (Prev, Next): (CMBitMap*) 0x00007f285807eb28, (CMBitMap*) 0x00007f285807eb60
 Prev Bits: [0x00007f2837a01000, 0x00007f283b839000)
 Next Bits: [0x00007f2833bc9000, 0x00007f2837a01000)

Polling page: 0x00007f28611eb000

Metaspace:

Usage:
  Non-class:     11,55 MB capacity,    11,09 MB ( 96%) used,   406,45 KB (  3%) free+waste,    59,62 KB ( <1%) overhead. 
      Class:      2,01 MB capacity,     1,81 MB ( 90%) used,   172,45 KB (  8%) free+waste,    30,44 KB (  1%) overhead. 
       Both:     13,56 MB capacity,    12,91 MB ( 95%) used,   578,89 KB (  4%) free+waste,    90,06 KB ( <1%) overhead. 

Virtual space:
  Non-class space:       12,00 MB reserved,      11,75 MB ( 98%) committed 
      Class space:        1,00 GB reserved,       2,12 MB ( <1%) committed 
             Both:        1,01 GB reserved,      13,88 MB (  1%) committed 

Chunk freelists:
   Non-Class:  34,00 KB
       Class:  21,00 KB
        Both:  55,00 KB

MaxMetaspaceSize: unlimited
CompressedClassSpaceSize: 1,00 GB
Initial GC threshold: 20,80 MB
Current GC threshold: 20,80 MB
CDS: on

CodeHeap 'non-profiled nmethods': size=120032Kb used=903Kb max_used=903Kb free=119129Kb
 bounds [0x00007f284831b000, 0x00007f284858b000, 0x00007f284f853000]
CodeHeap 'profiled nmethods': size=120032Kb used=4296Kb max_used=4296Kb free=115735Kb
 bounds [0x00007f2840de3000, 0x00007f2841223000, 0x00007f284831b000]
CodeHeap 'non-nmethods': size=5696Kb used=1222Kb max_used=1263Kb free=4474Kb
 bounds [0x00007f2840853000, 0x00007f2840ac3000, 0x00007f2840de3000]
 total_blobs=2455 nmethods=2042 adapters=334
 compilation: enabled
              stopped_count=0, restarted_count=0
 full_count=0

Compilation events (20 events):
Event: 2,926 Thread 0x00007f2858235000 2040       3       jdk.internal.misc.VM::initLevel (4 bytes)
Event: 2,926 Thread 0x00007f2858235000 nmethod 2040 0x00007f2841213590 code [0x00007f2841213740, 0x00007f2841213830]
Event: 2,932 Thread 0x00007f2858233000 nmethod 2017 0x00007f28483eb710 code [0x00007f28483eb8e0, 0x00007f28483ebeb8]
Event: 2,932 Thread 0x00007f2858233000 2038       4       java.lang.Character::toUpperCase (6 bytes)
Event: 2,934 Thread 0x00007f2858233000 nmethod 2038 0x00007f28483ec410 code [0x00007f28483ec5c0, 0x00007f28483ec6f8]
Event: 2,934 Thread 0x00007f2858233000 2021       4       java.lang.String::regionMatches (150 bytes)
Event: 2,944 Thread 0x00007f2858235000 2042       3       jdk.internal.misc.VM::isModuleSystemInited (13 bytes)
Event: 2,944 Thread 0x00007f2858235000 nmethod 2042 0x00007f2841213890 code [0x00007f2841213a40, 0x00007f2841213bd0]
Event: 2,949 Thread 0x00007f2858235000 2043       3       java.lang.StackTraceElement::<init> (10 bytes)
Event: 2,949 Thread 0x00007f2858235000 nmethod 2043 0x00007f2841213c90 code [0x00007f2841213e40, 0x00007f2841213fb0]
Event: 2,949 Thread 0x00007f2858235000 2044       3       java.lang.ModuleLayer::boot (4 bytes)
Event: 2,949 Thread 0x00007f2858235000 nmethod 2044 0x00007f2841214090 code [0x00007f2841214240, 0x00007f2841214330]
Event: 2,949 Thread 0x00007f2858235000 2045  s!   3       java.lang.StackTraceElement::computeFormat (71 bytes)
Event: 2,953 Thread 0x00007f2858235000 nmethod 2045 0x00007f2841214390 code [0x00007f28412145c0, 0x00007f2841214fd0]
Event: 2,954 Thread 0x00007f2858233000 nmethod 2021 0x00007f28483ec890 code [0x00007f28483eca80, 0x00007f28483ed778]
Event: 2,954 Thread 0x00007f2858233000 2041       4       org.eclipse.jdt.launching.internal.org.objectweb.asm.MethodWriter::putMethodInfo (1274 bytes)
Event: 2,974 Thread 0x00007f2858233000 nmethod 2041 0x00007f28483edf90 code [0x00007f28483ee180, 0x00007f28483ee8e8]
Event: 2,974 Thread 0x00007f2858233000 2018   !   4       jdk.internal.loader.URLClassPath$JarLoader::getResource (65 bytes)
Event: 3,027 Thread 0x00007f2858233000 nmethod 2018 0x00007f28483eee10 code [0x00007f28483ef120, 0x00007f28483f01f8]
Event: 3,110 Thread 0x00007f280414b800 nmethod 1744 0x00007f28483f0f90 code [0x00007f28483f1420, 0x00007f28483f8c88]

GC Heap History (2 events):
Event: 0,781 GC heap before
{Heap before GC invocations=0 (full 0):
 garbage-first heap   total 258048K, used 14024K [0x0000000707200000, 0x0000000800000000)
  region size 1024K, 14 young (14336K), 0 survivors (0K)
 Metaspace       used 3417K, capacity 5137K, committed 5376K, reserved 1056768K
  class space    used 313K, capacity 496K, committed 512K, reserved 1048576K
}
Event: 0,798 GC heap after
{Heap after GC invocations=1 (full 0):
 garbage-first heap   total 258048K, used 3000K [0x0000000707200000, 0x0000000800000000)
  region size 1024K, 2 young (2048K), 2 survivors (2048K)
 Metaspace       used 3417K, capacity 5137K, committed 5376K, reserved 1056768K
  class space    used 313K, capacity 496K, committed 512K, reserved 1048576K
}

Deoptimization events (20 events):
Event: 2,482 Thread 0x00007f2858019000 DEOPT PACKING pc=0x00007f284115548c sp=0x00007f28611cff80
Event: 2,482 Thread 0x00007f2858019000 DEOPT UNPACKING pc=0x00007f284089d64a sp=0x00007f28611cf470 mode 1
Event: 2,520 Thread 0x00007f2858019000 DEOPT PACKING pc=0x00007f2840f99229 sp=0x00007f28611cef80
Event: 2,520 Thread 0x00007f2858019000 DEOPT UNPACKING pc=0x00007f284089d64a sp=0x00007f28611ce650 mode 0
Event: 2,633 Thread 0x00007f2858019000 DEOPT PACKING pc=0x00007f2840f99229 sp=0x00007f28611ce760
Event: 2,633 Thread 0x00007f2858019000 DEOPT UNPACKING pc=0x00007f284089d64a sp=0x00007f28611cde30 mode 0
Event: 2,720 Thread 0x00007f2858019000 DEOPT PACKING pc=0x00007f2840f99229 sp=0x00007f28611cdae0
Event: 2,720 Thread 0x00007f2858019000 DEOPT UNPACKING pc=0x00007f284089d64a sp=0x00007f28611cd1b0 mode 0
Event: 2,909 Thread 0x00007f2858019000 Uncommon trap: trap_request=0xffffff4d fr.pc=0x00007f284832f9e4 relative=0x0000000000000044
Event: 2,909 Thread 0x00007f2858019000 Uncommon trap: reason=unstable_if action=reinterpret pc=0x00007f284832f9e4 method=java.lang.CharacterData.of(I)Ljava/lang/CharacterData; @ 4 c2
Event: 2,909 Thread 0x00007f2858019000 DEOPT PACKING pc=0x00007f284832f9e4 sp=0x00007f28611d0370
Event: 2,909 Thread 0x00007f2858019000 DEOPT UNPACKING pc=0x00007f284089cea5 sp=0x00007f28611d0328 mode 2
Event: 2,925 Thread 0x00007f2858019000 DEOPT PACKING pc=0x00007f2840f8fc6c sp=0x00007f28611cfad0
Event: 2,925 Thread 0x00007f2858019000 DEOPT UNPACKING pc=0x00007f284089d64a sp=0x00007f28611cef88 mode 1
Event: 2,925 Thread 0x00007f2858019000 DEOPT PACKING pc=0x00007f28410aff04 sp=0x00007f28611cfba0
Event: 2,925 Thread 0x00007f2858019000 DEOPT UNPACKING pc=0x00007f284089d64a sp=0x00007f28611cf078 mode 1
Event: 2,925 Thread 0x00007f2858019000 DEOPT PACKING pc=0x00007f284115548c sp=0x00007f28611d0380
Event: 2,925 Thread 0x00007f2858019000 DEOPT UNPACKING pc=0x00007f284089d64a sp=0x00007f28611cf870 mode 1
Event: 2,934 Thread 0x00007f2858019000 DEOPT PACKING pc=0x00007f2840f99229 sp=0x00007f28611ce580
Event: 2,934 Thread 0x00007f2858019000 DEOPT UNPACKING pc=0x00007f284089d64a sp=0x00007f28611cdc50 mode 0

Classes redefined (3 events):
Event: 16,110 Thread 0x00007f2858224800 redefined class name=SearchsTest.JumpSearchByNameTest, count=1
Event: 238,517 Thread 0x00007f2858224800 redefined class name=SearchsTest.JumpSearchByNameTest, count=2
Event: 265,299 Thread 0x00007f2858224800 redefined class name=SearchsTest.JumpSearchByNameTest, count=3

Internal exceptions (20 events):
Event: 1,421 Thread 0x00007f2858019000 Exception <a 'java/lang/IncompatibleClassChangeError'{0x00000007158a98f0}: Found class java.lang.Object, but interface was expected> (0x00000007158a98f0) thrown at [src/hotspot/share/interpreter/linkResolver.cpp, line 839]
Event: 1,435 Thread 0x00007f2858019000 Exception <a 'java/lang/IncompatibleClassChangeError'{0x00000007158fa9f8}: Found class java.lang.Object, but interface was expected> (0x00000007158fa9f8) thrown at [src/hotspot/share/interpreter/linkResolver.cpp, line 839]
Event: 1,466 Thread 0x00007f2858019000 Exception <a 'java/lang/NoSuchMethodError'{0x000000071579b8f8}: 'void java.lang.invoke.DirectMethodHandle$Holder.invokeSpecial(java.lang.Object, java.lang.Object, java.lang.Object, java.lang.Object, java.lang.Object)'> (0x000000071579b8f8) thrown at [src/hotspot/share/interpreter/linkResolver.cpp, line 773]
Event: 1,493 Thread 0x00007f2858019000 Exception <a 'java/lang/NoSuchMethodError'{0x00000007156ace40}: 'void java.lang.invoke.DirectMethodHandle$Holder.invokeSpecial(java.lang.Object, java.lang.Object)'> (0x00000007156ace40) thrown at [src/hotspot/share/interpreter/linkResolver.cpp, line 773]
Event: 1,579 Thread 0x00007f2858019000 Exception <a 'java/lang/NoSuchMethodError'{0x00000007151250b8}: 'java.lang.Object java.lang.invoke.Invokers$Holder.linkToTargetMethod(java.lang.Object, int, java.lang.Object)'> (0x00000007151250b8) thrown at [src/hotspot/share/interpreter/linkResolver.cpp, line 773]
Event: 1,595 Thread 0x00007f2858019000 Exception <a 'java/lang/NoSuchMethodError'{0x0000000715197de0}: 'void java.lang.invoke.DirectMethodHandle$Holder.invokeInterface(java.lang.Object, java.lang.Object, java.lang.Object, java.lang.Object)'> (0x0000000715197de0) thrown at [src/hotspot/share/interpreter/linkResolver.cpp, line 773]
Event: 1,596 Thread 0x00007f2858019000 Exception <a 'java/lang/IncompatibleClassChangeError'{0x000000071519aba0}: Found class java.lang.Object, but interface was expected> (0x000000071519aba0) thrown at [src/hotspot/share/interpreter/linkResolver.cpp, line 839]
Event: 1,601 Thread 0x00007f2858019000 Exception <a 'java/lang/NoSuchMethodError'{0x00000007151bffd0}: 'void java.lang.invoke.DirectMethodHandle$Holder.invokeStatic(java.lang.Object, java.lang.Object, java.lang.Object, java.lang.Object)'> (0x00000007151bffd0) thrown at [src/hotspot/share/interpreter/linkResolver.cpp, line 773]
Event: 1,625 Thread 0x00007f2858019000 Exception <a 'java/lang/NoSuchMethodError'{0x00000007150c4618}: 'int java.lang.invoke.DirectMethodHandle$Holder.invokeStatic(java.lang.Object, java.lang.Object, java.lang.Object, java.lang.Object, java.lang.Object)'> (0x00000007150c4618) thrown at [src/hotspot/share/interpreter/linkResolver.cpp, line 773]
Event: 1,641 Thread 0x00007f2858019000 Exception <a 'java/lang/NoSuchMethodError'{0x0000000714f5f6d8}: 'void java.lang.invoke.DirectMethodHandle$Holder.invokeStaticInit(java.lang.Object)'> (0x0000000714f5f6d8) thrown at [src/hotspot/share/interpreter/linkResolver.cpp, line 773]
Event: 1,708 Thread 0x00007f2858019000 Exception <a 'java/lang/NoSuchMethodError'{0x0000000714c68310}: 'int java.lang.invoke.DirectMethodHandle$Holder.invokeStaticInit(java.lang.Object, java.lang.Object)'> (0x0000000714c68310) thrown at [src/hotspot/share/interpreter/linkResolver.cpp, line 773]
Event: 1,771 Thread 0x00007f2858019000 Exception <a 'java/lang/NoSuchMethodError'{0x000000071492e720}: 'void java.lang.invoke.DirectMethodHandle$Holder.invokeStatic(java.lang.Object, java.lang.Object, java.lang.Object, java.lang.Object, java.lang.Object)'> (0x000000071492e720) thrown at [src/hotspot/share/interpreter/linkResolver.cpp, line 773]
Event: 1,773 Thread 0x00007f2858019000 Exception <a 'java/lang/NoSuchMethodError'{0x000000071493cb68}: 'java.lang.Object java.lang.invoke.Invokers$Holder.linkToTargetMethod(java.lang.Object, java.lang.Object, java.lang.Object, java.lang.Object, java.lang.Object, java.lang.Object, java.lang.Object)'> (0x000000071493cb68) thrown at [src/hotspot/share/interpreter/linkResolver.cpp, line 773]
Event: 1,774 Thread 0x00007f2858019000 Exception <a 'java/lang/NoSuchMethodError'{0x0000000714942878}: 'java.lang.Object java.lang.invoke.DirectMethodHandle$Holder.invokeInterface(java.lang.Object, java.lang.Object, java.lang.Object, java.lang.Object, java.lang.Object)'> (0x0000000714942878) thrown at [src/hotspot/share/interpreter/linkResolver.cpp, line 773]
Event: 1,774 Thread 0x00007f2858019000 Exception <a 'java/lang/IncompatibleClassChangeError'{0x0000000714945fd0}: Found class java.lang.Object, but interface was expected> (0x0000000714945fd0) thrown at [src/hotspot/share/interpreter/linkResolver.cpp, line 839]
Event: 1,784 Thread 0x00007f2858019000 Exception <a 'java/lang/NoSuchMethodError'{0x00000007149ae618}: 'int java.lang.invoke.DirectMethodHandle$Holder.invokeInterface(java.lang.Object, java.lang.Object)'> (0x00000007149ae618) thrown at [src/hotspot/share/interpreter/linkResolver.cpp, line 773]
Event: 1,905 Thread 0x00007f2858019000 Exception <a 'java/lang/NoSuchMethodError'{0x000000071422c428}: 'int java.lang.invoke.DirectMethodHandle$Holder.invokeStaticInit(java.lang.Object, java.lang.Object, java.lang.Object, java.lang.Object)'> (0x000000071422c428) thrown at [src/hotspot/share/interpreter/linkResolver.cpp, line 773]
Event: 1,906 Thread 0x00007f2858019000 Exception <a 'java/lang/IncompatibleClassChangeError'{0x0000000714235398}: Found class java.lang.Object, but interface was expected> (0x0000000714235398) thrown at [src/hotspot/share/interpreter/linkResolver.cpp, line 839]
Event: 1,907 Thread 0x00007f2858019000 Exception <a 'java/lang/NoSuchMethodError'{0x00000007142386d8}: 'void java.lang.invoke.DirectMethodHandle$Holder.invokeStaticInit(java.lang.Object, java.lang.Object)'> (0x00000007142386d8) thrown at [src/hotspot/share/interpreter/linkResolver.cpp, line 773]
Event: 2,361 Thread 0x00007f2858019000 Exception <a 'java/lang/ClassNotFoundException'{0x000000071280bb58}: java/lang/ClassLoader$ByteBuddyAccessor$DN9O30Pf> (0x000000071280bb58) thrown at [src/hotspot/share/classfile/systemDictionary.cpp, line 231]

Events (20 events):
Event: 239,291 Executing VM operation: GetOrSetLocal done
Event: 239,292 Executing VM operation: GetFrameLocation
Event: 239,292 Executing VM operation: GetFrameLocation done
Event: 239,292 Executing VM operation: GetOrSetLocal
Event: 239,292 Executing VM operation: GetOrSetLocal done
Event: 265,280 Executing VM operation: RedefineClasses
Event: 265,301 Executing VM operation: RedefineClasses done
Event: 265,430 Executing VM operation: GetFrameCount
Event: 265,430 Executing VM operation: GetFrameCount done
Event: 265,430 Executing VM operation: GetStackTrace
Event: 265,430 Executing VM operation: GetStackTrace done
Event: 265,845 Executing VM operation: GetFrameCount
Event: 265,845 Executing VM operation: GetFrameCount done
Event: 265,845 Executing VM operation: GetOwnedMonitorInfo
Event: 265,845 Executing VM operation: GetOwnedMonitorInfo done
Event: 265,845 Executing VM operation: GetCurrentContendedMonitor
Event: 265,845 Executing VM operation: GetCurrentContendedMonitor done
Event: 265,867 Executing VM operation: GetFrameLocation
Event: 265,867 Executing VM operation: GetFrameLocation done
Event: 265,867 Executing VM operation: GetOrSetLocal


Dynamic libraries:
707200000-716c00000 rw-p 00000000 00:00 0 
716c00000-7bfe00000 ---p 00000000 00:00 0 
7bfe00000-7bfe47000 rw-p 01114000 08:02 10364288                         /usr/lib/jvm/java-11-openjdk-amd64/lib/server/classes.jsa
7bfe47000-7bff00000 rw-p 00000000 00:00 0 
7bff00000-7bff6b000 rw-p 010a9000 08:02 10364288                         /usr/lib/jvm/java-11-openjdk-amd64/lib/server/classes.jsa
7bff6b000-7c0000000 rw-p 00000000 00:00 0 
7c0000000-800000000 ---p 00000000 00:00 0 
800000000-800002000 rwxp 00001000 08:02 10364288                         /usr/lib/jvm/java-11-openjdk-amd64/lib/server/classes.jsa
800002000-8010a8000 rw-p 00003000 08:02 10364288                         /usr/lib/jvm/java-11-openjdk-amd64/lib/server/classes.jsa
840000000-840220000 rw-p 00000000 00:00 0 
840220000-880000000 ---p 00000000 00:00 0 
55e5f14fb000-55e5f14fc000 r-xp 00000000 08:02 10096503                   /usr/lib/jvm/java-11-openjdk-amd64/bin/java
55e5f16fc000-55e5f16fd000 r--p 00001000 08:02 10096503                   /usr/lib/jvm/java-11-openjdk-amd64/bin/java
55e5f16fd000-55e5f16fe000 rw-p 00002000 08:02 10096503                   /usr/lib/jvm/java-11-openjdk-amd64/bin/java
55e5f2560000-55e5f2581000 rw-p 00000000 00:00 0                          [heap]
7f27d0000000-7f27d0021000 rw-p 00000000 00:00 0 
7f27d0021000-7f27d4000000 ---p 00000000 00:00 0 
7f27d8000000-7f27d8021000 rw-p 00000000 00:00 0 
7f27d8021000-7f27dc000000 ---p 00000000 00:00 0 
7f27dc000000-7f27dc021000 rw-p 00000000 00:00 0 
7f27dc021000-7f27e0000000 ---p 00000000 00:00 0 
7f27e0000000-7f27e0be6000 rw-p 00000000 00:00 0 
7f27e0be6000-7f27e4000000 ---p 00000000 00:00 0 
7f27e4000000-7f27e4021000 rw-p 00000000 00:00 0 
7f27e4021000-7f27e8000000 ---p 00000000 00:00 0 
7f27e8000000-7f27e8021000 rw-p 00000000 00:00 0 
7f27e8021000-7f27ec000000 ---p 00000000 00:00 0 
7f27ec000000-7f27ec021000 rw-p 00000000 00:00 0 
7f27ec021000-7f27f0000000 ---p 00000000 00:00 0 
7f27f0000000-7f27f0129000 rw-p 00000000 00:00 0 
7f27f0129000-7f27f4000000 ---p 00000000 00:00 0 
7f27f4000000-7f27f4021000 rw-p 00000000 00:00 0 
7f27f4021000-7f27f8000000 ---p 00000000 00:00 0 
7f27f8000000-7f27f8021000 rw-p 00000000 00:00 0 
7f27f8021000-7f27fc000000 ---p 00000000 00:00 0 
7f27fc000000-7f27fc021000 rw-p 00000000 00:00 0 
7f27fc021000-7f2800000000 ---p 00000000 00:00 0 
7f2800000000-7f280052c000 rw-p 00000000 00:00 0 
7f280052c000-7f2804000000 ---p 00000000 00:00 0 
7f2804000000-7f2804d09000 rw-p 00000000 00:00 0 
7f2804d09000-7f2808000000 ---p 00000000 00:00 0 
7f280a18d000-7f280a38d000 rw-p 00000000 00:00 0 
7f280a39b000-7f280a55b000 rw-p 00000000 00:00 0 
7f280a55b000-7f280a59b000 ---p 00000000 00:00 0 
7f280a59b000-7f280a59f000 ---p 00000000 00:00 0 
7f280a59f000-7f280a69c000 rw-p 00000000 00:00 0 
7f280a69c000-7f280a69e000 r-xp 00000000 08:02 10096544                   /usr/lib/jvm/java-11-openjdk-amd64/lib/libextnet.so
7f280a69e000-7f280a89d000 ---p 00002000 08:02 10096544                   /usr/lib/jvm/java-11-openjdk-amd64/lib/libextnet.so
7f280a89d000-7f280a89e000 r--p 00001000 08:02 10096544                   /usr/lib/jvm/java-11-openjdk-amd64/lib/libextnet.so
7f280a89e000-7f280a89f000 rw-p 00002000 08:02 10096544                   /usr/lib/jvm/java-11-openjdk-amd64/lib/libextnet.so
7f280a89f000-7f280a8a0000 ---p 00000000 00:00 0 
7f280a8a0000-7f280a9a1000 rw-p 00000000 00:00 0 
7f280a9a1000-7f280a9a2000 ---p 00000000 00:00 0 
7f280a9a2000-7f280aaa3000 rw-p 00000000 00:00 0 
7f280aaa3000-7f280aaa4000 ---p 00000000 00:00 0 
7f280aaa4000-7f280aba5000 rw-p 00000000 00:00 0 
7f280aba5000-7f280aba9000 ---p 00000000 00:00 0 
7f280aba9000-7f280aca6000 rw-p 00000000 00:00 0 
7f280aca6000-7f280aca7000 ---p 00000000 00:00 0 
7f280aca7000-7f280ada8000 rw-p 00000000 00:00 0 
7f280ada8000-7f280adbe000 r-xp 00000000 08:02 10096562                   /usr/lib/jvm/java-11-openjdk-amd64/lib/libnet.so
7f280adbe000-7f280afbd000 ---p 00016000 08:02 10096562                   /usr/lib/jvm/java-11-openjdk-amd64/lib/libnet.so
7f280afbd000-7f280afbe000 r--p 00015000 08:02 10096562                   /usr/lib/jvm/java-11-openjdk-amd64/lib/libnet.so
7f280afbe000-7f280afbf000 rw-p 00016000 08:02 10096562                   /usr/lib/jvm/java-11-openjdk-amd64/lib/libnet.so
7f280afbf000-7f280afcf000 r-xp 00000000 08:02 10096563                   /usr/lib/jvm/java-11-openjdk-amd64/lib/libnio.so
7f280afcf000-7f280b1ce000 ---p 00010000 08:02 10096563                   /usr/lib/jvm/java-11-openjdk-amd64/lib/libnio.so
7f280b1ce000-7f280b1cf000 r--p 0000f000 08:02 10096563                   /usr/lib/jvm/java-11-openjdk-amd64/lib/libnio.so
7f280b1cf000-7f280b1d0000 rw-p 00010000 08:02 10096563                   /usr/lib/jvm/java-11-openjdk-amd64/lib/libnio.so
7f280b1d0000-7f280b1d4000 ---p 00000000 00:00 0 
7f280b1d4000-7f280b2d1000 rw-p 00000000 00:00 0 
7f280b2d1000-7f280b2d5000 ---p 00000000 00:00 0 
7f280b2d5000-7f280b3d2000 rw-p 00000000 00:00 0 
7f280b3d2000-7f280b3d6000 ---p 00000000 00:00 0 
7f280b3d6000-7f280b4d3000 rw-p 00000000 00:00 0 
7f280b4d3000-7f280b4ea000 r-xp 00000000 08:02 13374431                   /lib/x86_64-linux-gnu/libresolv-2.27.so
7f280b4ea000-7f280b6e9000 ---p 00017000 08:02 13374431                   /lib/x86_64-linux-gnu/libresolv-2.27.so
7f280b6e9000-7f280b6ea000 r--p 00016000 08:02 13374431                   /lib/x86_64-linux-gnu/libresolv-2.27.so
7f280b6ea000-7f280b6eb000 rw-p 00017000 08:02 13374431                   /lib/x86_64-linux-gnu/libresolv-2.27.so
7f280b6eb000-7f280b6ed000 rw-p 00000000 00:00 0 
7f280b6ed000-7f280b6f2000 r-xp 00000000 08:02 13369436                   /lib/x86_64-linux-gnu/libnss_dns-2.27.so
7f280b6f2000-7f280b8f2000 ---p 00005000 08:02 13369436                   /lib/x86_64-linux-gnu/libnss_dns-2.27.so
7f280b8f2000-7f280b8f3000 r--p 00005000 08:02 13369436                   /lib/x86_64-linux-gnu/libnss_dns-2.27.so
7f280b8f3000-7f280b8f4000 rw-p 00006000 08:02 13369436                   /lib/x86_64-linux-gnu/libnss_dns-2.27.so
7f280b8f4000-7f280b8f6000 r-xp 00000000 08:02 13374511                   /lib/x86_64-linux-gnu/libnss_mdns4_minimal.so.2
7f280b8f6000-7f280baf5000 ---p 00002000 08:02 13374511                   /lib/x86_64-linux-gnu/libnss_mdns4_minimal.so.2
7f280baf5000-7f280baf6000 r--p 00001000 08:02 13374511                   /lib/x86_64-linux-gnu/libnss_mdns4_minimal.so.2
7f280baf6000-7f280baf7000 rw-p 00002000 08:02 13374511                   /lib/x86_64-linux-gnu/libnss_mdns4_minimal.so.2
7f280baf7000-7f280bafb000 r-xp 00000000 08:02 10096543                   /usr/lib/jvm/java-11-openjdk-amd64/lib/libdt_socket.so
7f280bafb000-7f280bcfb000 ---p 00004000 08:02 10096543                   /usr/lib/jvm/java-11-openjdk-amd64/lib/libdt_socket.so
7f280bcfb000-7f280bcfc000 r--p 00004000 08:02 10096543                   /usr/lib/jvm/java-11-openjdk-amd64/lib/libdt_socket.so
7f280bcfc000-7f280bcfd000 rw-p 00005000 08:02 10096543                   /usr/lib/jvm/java-11-openjdk-amd64/lib/libdt_socket.so
7f280bcfd000-7f280bd01000 ---p 00000000 00:00 0 
7f280bd01000-7f280bdfe000 rw-p 00000000 00:00 0 
7f280bdfe000-7f280be02000 ---p 00000000 00:00 0 
7f280be02000-7f280beff000 rw-p 00000000 00:00 0 
7f280beff000-7f280bf03000 ---p 00000000 00:00 0 
7f280bf03000-7f280c000000 rw-p 00000000 00:00 0 
7f280c000000-7f280c021000 rw-p 00000000 00:00 0 
7f280c021000-7f2810000000 ---p 00000000 00:00 0 
7f2810000000-7f2810021000 rw-p 00000000 00:00 0 
7f2810021000-7f2814000000 ---p 00000000 00:00 0 
7f2814000000-7f2814021000 rw-p 00000000 00:00 0 
7f2814021000-7f2818000000 ---p 00000000 00:00 0 
7f2818000000-7f2818021000 rw-p 00000000 00:00 0 
7f2818021000-7f281c000000 ---p 00000000 00:00 0 
7f281c000000-7f281c021000 rw-p 00000000 00:00 0 
7f281c021000-7f2820000000 ---p 00000000 00:00 0 
7f2820000000-7f2820065000 rw-p 00000000 00:00 0 
7f2820065000-7f2824000000 ---p 00000000 00:00 0 
7f2824000000-7f2824021000 rw-p 00000000 00:00 0 
7f2824021000-7f2828000000 ---p 00000000 00:00 0 
7f2828000000-7f2828021000 rw-p 00000000 00:00 0 
7f2828021000-7f282c000000 ---p 00000000 00:00 0 
7f282c000000-7f282c021000 rw-p 00000000 00:00 0 
7f282c021000-7f2830000000 ---p 00000000 00:00 0 
7f2830062000-7f2830066000 ---p 00000000 00:00 0 
7f2830066000-7f2830163000 rw-p 00000000 00:00 0 
7f2830163000-7f2830167000 ---p 00000000 00:00 0 
7f2830167000-7f2830264000 rw-p 00000000 00:00 0 
7f2830264000-7f2830268000 ---p 00000000 00:00 0 
7f2830268000-7f2830365000 rw-p 00000000 00:00 0 
7f2830365000-7f28308b9000 r--p 00000000 08:02 9178412                    /usr/lib/locale/locale-archive
7f28308b9000-7f28308bd000 ---p 00000000 00:00 0 
7f28308bd000-7f28309ba000 rw-p 00000000 00:00 0 
7f28309ba000-7f28309be000 ---p 00000000 00:00 0 
7f28309be000-7f2830abb000 rw-p 00000000 00:00 0 
7f2830abb000-7f2830abc000 ---p 00000000 00:00 0 
7f2830abc000-7f28313bd000 rw-p 00000000 00:00 0 
7f28313bd000-7f28313be000 ---p 00000000 00:00 0 
7f28313be000-7f28314bf000 rw-p 00000000 00:00 0 
7f28314bf000-7f28314c0000 ---p 00000000 00:00 0 
7f28314c0000-7f28339c5000 rw-p 00000000 00:00 0 
7f28339c5000-7f28339c6000 ---p 00000000 00:00 0 
7f28339c6000-7f2833ac7000 rw-p 00000000 00:00 0 
7f2833ac7000-7f2833ac8000 ---p 00000000 00:00 0 
7f2833ac8000-7f2833fb1000 rw-p 00000000 00:00 0 
7f2833fb1000-7f28369f9000 ---p 00000000 00:00 0 
7f28369f9000-7f2836a01000 rw-p 00000000 00:00 0 
7f2836a01000-7f2837a01000 ---p 00000000 00:00 0 
7f2837a01000-7f2837de9000 rw-p 00000000 00:00 0 
7f2837de9000-7f283a831000 ---p 00000000 00:00 0 
7f283a831000-7f283a839000 rw-p 00000000 00:00 0 
7f283a839000-7f283b839000 ---p 00000000 00:00 0 
7f283b839000-7f283b8b6000 rw-p 00000000 00:00 0 
7f283b8b6000-7f283bdff000 ---p 00000000 00:00 0 
7f283bdff000-7f283be00000 rw-p 00000000 00:00 0 
7f283be00000-7f283c000000 ---p 00000000 00:00 0 
7f283c000000-7f283c021000 rw-p 00000000 00:00 0 
7f283c021000-7f2840000000 ---p 00000000 00:00 0 
7f284000b000-7f2840109000 rw-p 00000000 00:00 0 
7f2840109000-7f2840652000 ---p 00000000 00:00 0 
7f2840652000-7f2840653000 rw-p 00000000 00:00 0 
7f2840653000-7f2840853000 ---p 00000000 00:00 0 
7f2840853000-7f2840ac3000 rwxp 00000000 00:00 0 
7f2840ac3000-7f2840de3000 ---p 00000000 00:00 0 
7f2840de3000-7f2841223000 rwxp 00000000 00:00 0 
7f2841223000-7f284831b000 ---p 00000000 00:00 0 
7f284831b000-7f284858b000 rwxp 00000000 00:00 0 
7f284858b000-7f284f853000 ---p 00000000 00:00 0 
7f284f853000-7f2858000000 r--s 00000000 08:02 10096572                   /usr/lib/jvm/java-11-openjdk-amd64/lib/modules
7f2858000000-7f2858a03000 rw-p 00000000 00:00 0 
7f2858a03000-7f285c000000 ---p 00000000 00:00 0 
7f285c027000-7f285c0ff000 rw-p 00000000 00:00 0 
7f285c0ff000-7f285c648000 ---p 00000000 00:00 0 
7f285c648000-7f285c649000 rw-p 00000000 00:00 0 
7f285c649000-7f285c849000 ---p 00000000 00:00 0 
7f285c849000-7f285cc4d000 rw-p 00000000 00:00 0 
7f285cc4d000-7f285cc4e000 ---p 00000000 00:00 0 
7f285cc4e000-7f285cd54000 rw-p 00000000 00:00 0 
7f285cd54000-7f285ce3a000 ---p 00000000 00:00 0 
7f285ce3a000-7f285ce43000 rw-p 00000000 00:00 0 
7f285ce43000-7f285cf25000 ---p 00000000 00:00 0 
7f285cf25000-7f285cf2c000 r-xp 00000000 08:02 10096571                   /usr/lib/jvm/java-11-openjdk-amd64/lib/libzip.so
7f285cf2c000-7f285d12b000 ---p 00007000 08:02 10096571                   /usr/lib/jvm/java-11-openjdk-amd64/lib/libzip.so
7f285d12b000-7f285d12c000 r--p 00006000 08:02 10096571                   /usr/lib/jvm/java-11-openjdk-amd64/lib/libzip.so
7f285d12c000-7f285d12d000 rw-p 00007000 08:02 10096571                   /usr/lib/jvm/java-11-openjdk-amd64/lib/libzip.so
7f285d12d000-7f285d138000 r-xp 00000000 08:02 13369437                   /lib/x86_64-linux-gnu/libnss_files-2.27.so
7f285d138000-7f285d337000 ---p 0000b000 08:02 13369437                   /lib/x86_64-linux-gnu/libnss_files-2.27.so
7f285d337000-7f285d338000 r--p 0000a000 08:02 13369437                   /lib/x86_64-linux-gnu/libnss_files-2.27.so
7f285d338000-7f285d339000 rw-p 0000b000 08:02 13369437                   /lib/x86_64-linux-gnu/libnss_files-2.27.so
7f285d339000-7f285d33f000 rw-p 00000000 00:00 0 
7f285d33f000-7f285d356000 r-xp 00000000 08:02 13369434                   /lib/x86_64-linux-gnu/libnsl-2.27.so
7f285d356000-7f285d555000 ---p 00017000 08:02 13369434                   /lib/x86_64-linux-gnu/libnsl-2.27.so
7f285d555000-7f285d556000 r--p 00016000 08:02 13369434                   /lib/x86_64-linux-gnu/libnsl-2.27.so
7f285d556000-7f285d557000 rw-p 00017000 08:02 13369434                   /lib/x86_64-linux-gnu/libnsl-2.27.so
7f285d557000-7f285d559000 rw-p 00000000 00:00 0 
7f285d559000-7f285d564000 r-xp 00000000 08:02 13369439                   /lib/x86_64-linux-gnu/libnss_nis-2.27.so
7f285d564000-7f285d763000 ---p 0000b000 08:02 13369439                   /lib/x86_64-linux-gnu/libnss_nis-2.27.so
7f285d763000-7f285d764000 r--p 0000a000 08:02 13369439                   /lib/x86_64-linux-gnu/libnss_nis-2.27.so
7f285d764000-7f285d765000 rw-p 0000b000 08:02 13369439                   /lib/x86_64-linux-gnu/libnss_nis-2.27.so
7f285d765000-7f285d76d000 r-xp 00000000 08:02 13369435                   /lib/x86_64-linux-gnu/libnss_compat-2.27.so
7f285d76d000-7f285d96d000 ---p 00008000 08:02 13369435                   /lib/x86_64-linux-gnu/libnss_compat-2.27.so
7f285d96d000-7f285d96e000 r--p 00008000 08:02 13369435                   /lib/x86_64-linux-gnu/libnss_compat-2.27.so
7f285d96e000-7f285d96f000 rw-p 00009000 08:02 13369435                   /lib/x86_64-linux-gnu/libnss_compat-2.27.so
7f285d96f000-7f285d979000 r-xp 00000000 08:02 10096546                   /usr/lib/jvm/java-11-openjdk-amd64/lib/libinstrument.so
7f285d979000-7f285db78000 ---p 0000a000 08:02 10096546                   /usr/lib/jvm/java-11-openjdk-amd64/lib/libinstrument.so
7f285db78000-7f285db79000 r--p 00009000 08:02 10096546                   /usr/lib/jvm/java-11-openjdk-amd64/lib/libinstrument.so
7f285db79000-7f285db7a000 rw-p 0000a000 08:02 10096546                   /usr/lib/jvm/java-11-openjdk-amd64/lib/libinstrument.so
7f285db7a000-7f285dbb6000 r-xp 00000000 08:02 10096553                   /usr/lib/jvm/java-11-openjdk-amd64/lib/libjdwp.so
7f285dbb6000-7f285ddb5000 ---p 0003c000 08:02 10096553                   /usr/lib/jvm/java-11-openjdk-amd64/lib/libjdwp.so
7f285ddb5000-7f285ddb6000 r--p 0003b000 08:02 10096553                   /usr/lib/jvm/java-11-openjdk-amd64/lib/libjdwp.so
7f285ddb6000-7f285ddb7000 rw-p 0003c000 08:02 10096553                   /usr/lib/jvm/java-11-openjdk-amd64/lib/libjdwp.so
7f285ddb7000-7f285ddbc000 r-xp 00000000 08:02 10096554                   /usr/lib/jvm/java-11-openjdk-amd64/lib/libjimage.so
7f285ddbc000-7f285dfbb000 ---p 00005000 08:02 10096554                   /usr/lib/jvm/java-11-openjdk-amd64/lib/libjimage.so
7f285dfbb000-7f285dfbc000 r--p 00004000 08:02 10096554                   /usr/lib/jvm/java-11-openjdk-amd64/lib/libjimage.so
7f285dfbc000-7f285dfbd000 rw-p 00005000 08:02 10096554                   /usr/lib/jvm/java-11-openjdk-amd64/lib/libjimage.so
7f285dfbd000-7f285dfe5000 r-xp 00000000 08:02 10096551                   /usr/lib/jvm/java-11-openjdk-amd64/lib/libjava.so
7f285dfe5000-7f285e1e5000 ---p 00028000 08:02 10096551                   /usr/lib/jvm/java-11-openjdk-amd64/lib/libjava.so
7f285e1e5000-7f285e1e6000 r--p 00028000 08:02 10096551                   /usr/lib/jvm/java-11-openjdk-amd64/lib/libjava.so
7f285e1e6000-7f285e1e7000 rw-p 00029000 08:02 10096551                   /usr/lib/jvm/java-11-openjdk-amd64/lib/libjava.so
7f285e1e7000-7f285e1e8000 rw-p 00000000 00:00 0 
7f285e1e8000-7f285e1f5000 r-xp 00000000 08:02 10096570                   /usr/lib/jvm/java-11-openjdk-amd64/lib/libverify.so
7f285e1f5000-7f285e3f4000 ---p 0000d000 08:02 10096570                   /usr/lib/jvm/java-11-openjdk-amd64/lib/libverify.so
7f285e3f4000-7f285e3f6000 r--p 0000c000 08:02 10096570                   /usr/lib/jvm/java-11-openjdk-amd64/lib/libverify.so
7f285e3f6000-7f285e3f7000 rw-p 0000e000 08:02 10096570                   /usr/lib/jvm/java-11-openjdk-amd64/lib/libverify.so
7f285e3f7000-7f285e3fe000 r-xp 00000000 08:02 13374432                   /lib/x86_64-linux-gnu/librt-2.27.so
7f285e3fe000-7f285e5fd000 ---p 00007000 08:02 13374432                   /lib/x86_64-linux-gnu/librt-2.27.so
7f285e5fd000-7f285e5fe000 r--p 00006000 08:02 13374432                   /lib/x86_64-linux-gnu/librt-2.27.so
7f285e5fe000-7f285e5ff000 rw-p 00007000 08:02 13374432                   /lib/x86_64-linux-gnu/librt-2.27.so
7f285e5ff000-7f285e616000 r-xp 00000000 08:02 13369350                   /lib/x86_64-linux-gnu/libgcc_s.so.1
7f285e616000-7f285e815000 ---p 00017000 08:02 13369350                   /lib/x86_64-linux-gnu/libgcc_s.so.1
7f285e815000-7f285e816000 r--p 00016000 08:02 13369350                   /lib/x86_64-linux-gnu/libgcc_s.so.1
7f285e816000-7f285e817000 rw-p 00017000 08:02 13369350                   /lib/x86_64-linux-gnu/libgcc_s.so.1
7f285e817000-7f285e9b4000 r-xp 00000000 08:02 13369431                   /lib/x86_64-linux-gnu/libm-2.27.so
7f285e9b4000-7f285ebb3000 ---p 0019d000 08:02 13369431                   /lib/x86_64-linux-gnu/libm-2.27.so
7f285ebb3000-7f285ebb4000 r--p 0019c000 08:02 13369431                   /lib/x86_64-linux-gnu/libm-2.27.so
7f285ebb4000-7f285ebb5000 rw-p 0019d000 08:02 13369431                   /lib/x86_64-linux-gnu/libm-2.27.so
7f285ebb5000-7f285ed2e000 r-xp 00000000 08:02 9177251                    /usr/lib/x86_64-linux-gnu/libstdc++.so.6.0.25
7f285ed2e000-7f285ef2e000 ---p 00179000 08:02 9177251                    /usr/lib/x86_64-linux-gnu/libstdc++.so.6.0.25
7f285ef2e000-7f285ef38000 r--p 00179000 08:02 9177251                    /usr/lib/x86_64-linux-gnu/libstdc++.so.6.0.25
7f285ef38000-7f285ef3a000 rw-p 00183000 08:02 9177251                    /usr/lib/x86_64-linux-gnu/libstdc++.so.6.0.25
7f285ef3a000-7f285ef3e000 rw-p 00000000 00:00 0 
7f285ef3e000-7f2860030000 r-xp 00000000 08:02 10364222                   /usr/lib/jvm/java-11-openjdk-amd64/lib/server/libjvm.so
7f2860030000-7f286022f000 ---p 010f2000 08:02 10364222                   /usr/lib/jvm/java-11-openjdk-amd64/lib/server/libjvm.so
7f286022f000-7f28602f3000 r--p 010f1000 08:02 10364222                   /usr/lib/jvm/java-11-openjdk-amd64/lib/server/libjvm.so
7f28602f3000-7f286032e000 rw-p 011b5000 08:02 10364222                   /usr/lib/jvm/java-11-openjdk-amd64/lib/server/libjvm.so
7f286032e000-7f2860385000 rw-p 00000000 00:00 0 
7f2860385000-7f286039f000 r-xp 00000000 08:02 13374372                   /lib/x86_64-linux-gnu/libpthread-2.27.so
7f286039f000-7f286059e000 ---p 0001a000 08:02 13374372                   /lib/x86_64-linux-gnu/libpthread-2.27.so
7f286059e000-7f286059f000 r--p 00019000 08:02 13374372                   /lib/x86_64-linux-gnu/libpthread-2.27.so
7f286059f000-7f28605a0000 rw-p 0001a000 08:02 13374372                   /lib/x86_64-linux-gnu/libpthread-2.27.so
7f28605a0000-7f28605a4000 rw-p 00000000 00:00 0 
7f28605a4000-7f28605a7000 r-xp 00000000 08:02 13369430                   /lib/x86_64-linux-gnu/libdl-2.27.so
7f28605a7000-7f28607a6000 ---p 00003000 08:02 13369430                   /lib/x86_64-linux-gnu/libdl-2.27.so
7f28607a6000-7f28607a7000 r--p 00002000 08:02 13369430                   /lib/x86_64-linux-gnu/libdl-2.27.so
7f28607a7000-7f28607a8000 rw-p 00003000 08:02 13369430                   /lib/x86_64-linux-gnu/libdl-2.27.so
7f28607a8000-7f28607c4000 r-xp 00000000 08:02 13374587                   /lib/x86_64-linux-gnu/libz.so.1.2.11
7f28607c4000-7f28609c3000 ---p 0001c000 08:02 13374587                   /lib/x86_64-linux-gnu/libz.so.1.2.11
7f28609c3000-7f28609c4000 r--p 0001b000 08:02 13374587                   /lib/x86_64-linux-gnu/libz.so.1.2.11
7f28609c4000-7f28609c5000 rw-p 0001c000 08:02 13374587                   /lib/x86_64-linux-gnu/libz.so.1.2.11
7f28609c5000-7f2860bac000 r-xp 00000000 08:02 13369427                   /lib/x86_64-linux-gnu/libc-2.27.so
7f2860bac000-7f2860dac000 ---p 001e7000 08:02 13369427                   /lib/x86_64-linux-gnu/libc-2.27.so
7f2860dac000-7f2860db0000 r--p 001e7000 08:02 13369427                   /lib/x86_64-linux-gnu/libc-2.27.so
7f2860db0000-7f2860db2000 rw-p 001eb000 08:02 13369427                   /lib/x86_64-linux-gnu/libc-2.27.so
7f2860db2000-7f2860db6000 rw-p 00000000 00:00 0 
7f2860db6000-7f2860dc5000 r-xp 00000000 08:02 10364217                   /usr/lib/jvm/java-11-openjdk-amd64/lib/jli/libjli.so
7f2860dc5000-7f2860fc4000 ---p 0000f000 08:02 10364217                   /usr/lib/jvm/java-11-openjdk-amd64/lib/jli/libjli.so
7f2860fc4000-7f2860fc5000 r--p 0000e000 08:02 10364217                   /usr/lib/jvm/java-11-openjdk-amd64/lib/jli/libjli.so
7f2860fc5000-7f2860fc6000 rw-p 0000f000 08:02 10364217                   /usr/lib/jvm/java-11-openjdk-amd64/lib/jli/libjli.so
7f2860fc6000-7f2860fef000 r-xp 00000000 08:02 13369360                   /lib/x86_64-linux-gnu/ld-2.27.so
7f2861043000-7f28610cd000 rw-p 00000000 00:00 0 
7f28610cd000-7f28610d4000 ---p 00000000 00:00 0 
7f28610d4000-7f28610d8000 ---p 00000000 00:00 0 
7f28610d8000-7f28611d7000 rw-p 00000000 00:00 0 
7f28611da000-7f28611e1000 r--s 00000000 08:02 9443124                    /usr/lib/x86_64-linux-gnu/gconv/gconv-modules.cache
7f28611e1000-7f28611e3000 r--s 00007000 08:02 9576543                    /usr/share/java/java-atk-wrapper.jar
7f28611e3000-7f28611eb000 rw-s 00000000 08:02 1451102                    /tmp/hsperfdata_mauri/22802
7f28611eb000-7f28611ec000 ---p 00000000 00:00 0 
7f28611ec000-7f28611ed000 r--p 00000000 00:00 0 
7f28611ed000-7f28611ef000 rw-p 00000000 00:00 0 
7f28611ef000-7f28611f0000 r--p 00029000 08:02 13369360                   /lib/x86_64-linux-gnu/ld-2.27.so
7f28611f0000-7f28611f1000 rw-p 0002a000 08:02 13369360                   /lib/x86_64-linux-gnu/ld-2.27.so
7f28611f1000-7f28611f2000 rw-p 00000000 00:00 0 
7ffeda7fa000-7ffeda81b000 rw-p 00000000 00:00 0                          [stack]
7ffeda827000-7ffeda82a000 r--p 00000000 00:00 0                          [vvar]
7ffeda82a000-7ffeda82b000 r-xp 00000000 00:00 0                          [vdso]
ffffffffff600000-ffffffffff601000 --xp 00000000 00:00 0                  [vsyscall]


VM Arguments:
jvm_args: -agentlib:jdwp=transport=dt_socket,suspend=y,address=localhost:38613 -ea -javaagent:/home/mauri/eclipse/java-2021-12/eclipse/configuration/org.eclipse.osgi/219/0/.cp/lib/javaagent-shaded.jar -Dfile.encoding=UTF-8 
java_command: org.eclipse.jdt.internal.junit.runner.RemoteTestRunner -version 3 -port 36807 -testLoaderClass org.eclipse.jdt.internal.junit5.runner.JUnit5TestLoader -loaderpluginname org.eclipse.jdt.junit5.runtime -classNames SearchsTest.JumpSearchByNameTest
java_class_path (initial): /home/mauri/git/group-2-ml-mt/bin:/home/mauri/git/group-2-ml-mt/lib/mockito-core-4.3.1.jar:/home/mauri/git/group-2-ml-mt/lib/objenesis-tck-3.2.jar:/home/mauri/git/group-2-ml-mt/lib/byte-buddy-1.12.7.jar:/home/mauri/git/group-2-ml-mt/lib/mockito-junit-jupiter-4.3.1.jar:/home/mauri/.p2/pool/plugins/org.junit.jupiter.api_5.8.1.v20211018-1956.jar:/home/mauri/.p2/pool/plugins/org.junit.jupiter.engine_5.8.1.v20211018-1956.jar:/home/mauri/.p2/pool/plugins/org.junit.jupiter.migrationsupport_5.8.1.v20211018-1956.jar:/home/mauri/.p2/pool/plugins/org.junit.jupiter.params_5.8.1.v20211018-1956.jar:/home/mauri/.p2/pool/plugins/org.junit.platform.commons_1.8.1.v20211018-1956.jar:/home/mauri/.p2/pool/plugins/org.junit.platform.engine_1.8.1.v20211018-1956.jar:/home/mauri/.p2/pool/plugins/org.junit.platform.launcher_1.8.1.v20211018-1956.jar:/home/mauri/.p2/pool/plugins/org.junit.platform.runner_1.8.1.v20211018-1956.jar:/home/mauri/.p2/pool/plugins/org.junit.platform.suite.api_1.8.1.v20211018-1956.jar:/home/mauri/.p2/pool/plugins/org.junit.platform.suite.engine_1.8.1.v20211028-1957.jar:/home/mauri/.p2/pool/plugins/org.junit.platform.suite.commons_1.8.1.v20211018-1956.jar:/home/mauri/.p2/pool/plugins/org.junit.vintage.engine_5.8.1.v20211018-1956.jar:/home/mauri/.p2/pool/plugins/org.opentest4j_1.2.0.v20211018-1956.jar:/home/mauri/.p2/pool/plugins/org.apiguardian_1.1.2.v20211018-1956.jar:/home/mauri/.p2/pool/plugins/org.junit_4.13.2.v20211018-1956.jar:/home/mauri/.p2/pool/plugins/org.hamcrest.core_1.3.0.v20180420-1519.jar:/home/mauri/eclipse/java-2021-12/eclipse/configuration/org.eclipse.osgi/218/0/.cp:/home/mauri/eclipse/java-2021-12/eclipse/configuration/org.eclipse.osgi/216/0/.cp
Launcher Type: SUN_STANDARD

[Global flags]
     intx CICompilerCount                          = 3                                         {product} {ergonomic}
     uint ConcGCThreads                            = 1                                         {product} {ergonomic}
     uint G1ConcRefinementThreads                  = 4                                         {product} {ergonomic}
   size_t G1HeapRegionSize                         = 1048576                                   {product} {ergonomic}
    uintx GCDrainStackTargetSize                   = 64                                        {product} {ergonomic}
   size_t InitialHeapSize                          = 262144000                                 {product} {ergonomic}
   size_t MarkStackSize                            = 4194304                                   {product} {ergonomic}
   size_t MaxHeapSize                              = 4175429632                                {product} {ergonomic}
   size_t MaxNewSize                               = 2505048064                                {product} {ergonomic}
   size_t MinHeapDeltaBytes                        = 1048576                                   {product} {ergonomic}
    uintx NonNMethodCodeHeapSize                   = 5830732                                {pd product} {ergonomic}
    uintx NonProfiledCodeHeapSize                  = 122913754                              {pd product} {ergonomic}
    uintx ProfiledCodeHeapSize                     = 122913754                              {pd product} {ergonomic}
    uintx ReservedCodeCacheSize                    = 251658240                              {pd product} {ergonomic}
     bool SegmentedCodeCache                       = true                                      {product} {ergonomic}
     bool UseCompressedClassPointers               = true                                 {lp64_product} {ergonomic}
     bool UseCompressedOops                        = true                                 {lp64_product} {ergonomic}
     bool UseG1GC                                  = true                                      {product} {ergonomic}

Logging:
Log output configuration:
 #0: stdout all=warning uptime,level,tags
 #1: stderr all=off uptime,level,tags

Environment Variables:
JAVA_HOME=/usr/lib/jvm/java-11-openjdk-amd64/bin/java
PATH=/home/mauri/.local/bin:/usr/local/sbin:/usr/local/bin:/usr/sbin:/usr/bin:/sbin:/bin:/usr/games:/usr/local/games:/snap/bin
USERNAME=mauri
SHELL=/bin/bash
DISPLAY=:0
LANG=es_BO.UTF-8

Signal Handlers:
SIGSEGV: [libjvm.so+0xe24690], sa_mask[0]=11111111011111111101111111111110, sa_flags=SA_RESTART|SA_SIGINFO
SIGBUS: [libjvm.so+0xe24690], sa_mask[0]=11111111011111111101111111111110, sa_flags=SA_RESTART|SA_SIGINFO
SIGFPE: [libjvm.so+0xe24690], sa_mask[0]=11111111011111111101111111111110, sa_flags=SA_RESTART|SA_SIGINFO
SIGPIPE: [libjvm.so+0xb7a7f0], sa_mask[0]=11111111011111111101111111111110, sa_flags=SA_RESTART|SA_SIGINFO
SIGXFSZ: [libjvm.so+0xb7a7f0], sa_mask[0]=11111111011111111101111111111110, sa_flags=SA_RESTART|SA_SIGINFO
SIGILL: [libjvm.so+0xe24690], sa_mask[0]=11111111011111111101111111111110, sa_flags=SA_RESTART|SA_SIGINFO
SIGUSR2: [libjvm.so+0xb7a680], sa_mask[0]=00100000000000000000000000000000, sa_flags=SA_RESTART|SA_SIGINFO
SIGHUP: [libjvm.so+0xb7ab40], sa_mask[0]=11111111011111111101111111111110, sa_flags=SA_RESTART|SA_SIGINFO
SIGINT: [libjvm.so+0xb7ab40], sa_mask[0]=11111111011111111101111111111110, sa_flags=SA_RESTART|SA_SIGINFO
SIGTERM: [libjvm.so+0xb7ab40], sa_mask[0]=11111111011111111101111111111110, sa_flags=SA_RESTART|SA_SIGINFO
SIGQUIT: [libjvm.so+0xb7ab40], sa_mask[0]=11111111011111111101111111111110, sa_flags=SA_RESTART|SA_SIGINFO


---------------  S Y S T E M  ---------------

OS:DISTRIB_ID=Ubuntu
DISTRIB_RELEASE=18.04
DISTRIB_CODENAME=bionic
DISTRIB_DESCRIPTION="Ubuntu 18.04.6 LTS"
uname:Linux 5.4.0-96-generic #109~18.04.1-Ubuntu SMP Thu Jan 13 15:06:26 UTC 2022 x86_64
OS uptime: 0 days 5:10 hours
libc:glibc 2.27 NPTL 2.27 
rlimit (soft/hard): STACK 8192k/infinity , CORE 0k/infinity , NPROC 63504/63504 , NOFILE 1048576/1048576 , AS infinity/infinity , CPU infinity/infinity , DATA infinity/infinity , FSIZE infinity/infinity , MEMLOCK 65536k/65536k
load average:1,96 1,85 1,84

/proc/meminfo:
MemTotal:       16307064 kB
MemFree:         7081712 kB
MemAvailable:   10401284 kB
Buffers:          314596 kB
Cached:          3786184 kB
SwapCached:            0 kB
Active:          5751788 kB
Inactive:        2378604 kB
Active(anon):    4539492 kB
Inactive(anon):   112784 kB
Active(file):    1212296 kB
Inactive(file):  2265820 kB
Unevictable:      527204 kB
Mlocked:             144 kB
SwapTotal:       2097148 kB
SwapFree:        2097148 kB
Dirty:               384 kB
Writeback:             0 kB
AnonPages:       4556876 kB
Mapped:          1132788 kB
Shmem:            646512 kB
KReclaimable:     181428 kB
Slab:             348652 kB
SReclaimable:     181428 kB
SUnreclaim:       167224 kB
KernelStack:       22224 kB
PageTables:        91436 kB
NFS_Unstable:          0 kB
Bounce:                0 kB
WritebackTmp:          0 kB
CommitLimit:    10250680 kB
Committed_AS:   16849284 kB
VmallocTotal:   34359738367 kB
VmallocUsed:       44120 kB
VmallocChunk:          0 kB
Percpu:             3728 kB
HardwareCorrupted:     0 kB
AnonHugePages:         0 kB
ShmemHugePages:        0 kB
ShmemPmdMapped:        0 kB
FileHugePages:         0 kB
FilePmdMapped:         0 kB
CmaTotal:              0 kB
CmaFree:               0 kB
HugePages_Total:       0
HugePages_Free:        0
HugePages_Rsvd:        0
HugePages_Surp:        0
Hugepagesize:       2048 kB
Hugetlb:               0 kB
DirectMap4k:      477052 kB
DirectMap2M:    13068288 kB
DirectMap1G:     4194304 kB

/sys/kernel/mm/transparent_hugepage/enabled:
always [madvise] never
/sys/kernel/mm/transparent_hugepage/defrag (defrag/compaction efforts parameter):
always defer defer+madvise [madvise] never

Process Memory:
Virtual Size: 7420276K (peak: 15625960K)
Resident Set Size: 181220K (peak: 192028K) (anon: 150492K, file: 30728K, shmem: 0K)
Swapped out: 0K
C-Heap outstanding allocations: 9792K

/proc/sys/kernel/threads-max (system-wide limit on the number of threads):
127009
/proc/sys/vm/max_map_count (maximum number of memory map areas a process may have):
65530
/proc/sys/kernel/pid_max (system-wide limit on number of process identifiers):
32768

container (cgroup) information:
container_type: cgroupv1
cpu_cpuset_cpus: 0-3
cpu_memory_nodes: 0
active_processor_count: 4
cpu_quota: -1
cpu_period: 100000
cpu_shares: -1
memory_limit_in_bytes: -1
memory_and_swap_limit_in_bytes: -2
memory_soft_limit_in_bytes: -1
memory_usage_in_bytes: 7743709184
memory_max_usage_in_bytes: 9768366080

Steal ticks since vm start: 0
Steal ticks percentage since vm start:  0,000

CPU:total 4 (initial active 4) (2 cores per cpu, 2 threads per core) family 6 model 61 stepping 4 microcode 0x2f, cmov, cx8, fxsr, mmx, sse, sse2, sse3, ssse3, sse4.1, sse4.2, popcnt, avx, avx2, aes, clmul, erms, 3dnowpref, lzcnt, ht, tsc, tscinvbit, bmi1, bmi2, adx, fma
CPU Model and flags from /proc/cpuinfo:
model name	: Intel(R) Core(TM) i7-5500U CPU @ 2.40GHz
flags		: fpu vme de pse tsc msr pae mce cx8 apic sep mtrr pge mca cmov pat pse36 clflush dts acpi mmx fxsr sse sse2 ss ht tm pbe syscall nx pdpe1gb rdtscp lm constant_tsc arch_perfmon pebs bts rep_good nopl xtopology nonstop_tsc cpuid aperfmperf pni pclmulqdq dtes64 monitor ds_cpl vmx est tm2 ssse3 sdbg fma cx16 xtpr pdcm pcid sse4_1 sse4_2 x2apic movbe popcnt tsc_deadline_timer aes xsave avx f16c rdrand lahf_lm abm 3dnowprefetch cpuid_fault epb invpcid_single pti ssbd ibrs ibpb stibp tpr_shadow vnmi flexpriority ept vpid ept_ad fsgsbase tsc_adjust bmi1 avx2 smep bmi2 erms invpcid rdseed adx smap intel_pt xsaveopt dtherm ida arat pln pts md_clear flush_l1d
Online cpus:
0-3
Offline cpus:

BIOS frequency limitation:
<Not Available>
Frequency switch latency (ns):
0
Available cpu frequencies:
<Not Available>
Current governor:
powersave
Core performance/turbo boost:
<Not Available>

Memory: 4k page, physical 16307064k(7081712k free), swap 2097148k(2097148k free)

vm_info: OpenJDK 64-Bit Server VM (11.0.13+8-Ubuntu-0ubuntu1.18.04) for linux-amd64 JRE (11.0.13+8-Ubuntu-0ubuntu1.18.04), built on Oct 29 2021 09:11:30 by "unknown" with gcc 8.4.0

END.
